#
# There is insufficient memory for the Java Runtime Environment to continue.
# Native memory allocation (malloc) failed to allocate 593696 bytes for Chunk::new
# Possible reasons:
#   The system is out of physical RAM or swap space
#   The process is running with CompressedOops enabled, and the Java Heap may be blocking the growth of the native heap
# Possible solutions:
#   Reduce memory load on the system
#   Increase physical memory or swap space
#   Check if swap backing store is full
#   Decrease Java heap size (-Xmx/-Xms)
#   Decrease number of Java threads
#   Decrease Java thread stack sizes (-Xss)
#   Set larger code cache with -XX:ReservedCodeCacheSize=
#   JVM is running with Zero Based Compressed Oops mode in which the Java heap is
#     placed in the first 32GB address space. The Java Heap base address is the
#     maximum limit for the native heap growth. Please use -XX:HeapBaseMinAddress
#     to set the Java Heap base and to place the Java Heap above 32GB virtual address.
# This output file may be truncated or incomplete.
#
#  Out of Memory Error (arena.cpp:168), pid=9972, tid=3408
#
# JRE version: Java(TM) SE Runtime Environment (21.0.2+13) (build 21.0.2+13-LTS-58)
# Java VM: Java HotSpot(TM) 64-Bit Server VM (21.0.2+13-LTS-58, mixed mode, sharing, tiered, compressed oops, compressed class ptrs, g1 gc, windows-amd64)
# No core dump will be written. Minidumps are not enabled by default on client versions of Windows
#

---------------  S U M M A R Y ------------

Command Line: Main

Host: Intel(R) Core(TM) i5-10210U CPU @ 1.60GHz, 8 cores, 11G,  Windows 11 , 64 bit Build 22621 (10.0.22621.2506)
Time: Fri May 24 19:03:16 2024 SE Asia Standard Time elapsed time: 0.783700 seconds (0d 0h 0m 0s)

---------------  T H R E A D  ---------------

Current thread (0x0000027b5e675280):  JavaThread "C2 CompilerThread0" daemon [_thread_in_native, id=3408, stack(0x000000fdd7400000,0x000000fdd7500000) (1024K)]


Current CompileTask:
C2:    783  837       4       sun.awt.image.PNGImageDecoder::filterRow (460 bytes)

Stack: [0x000000fdd7400000,0x000000fdd7500000]
Native frames: (J=compiled Java code, j=interpreted, Vv=VM code, C=native code)
V  [jvm.dll+0x6cade9]
V  [jvm.dll+0x8569c1]
V  [jvm.dll+0x858d2e]
V  [jvm.dll+0x859413]
V  [jvm.dll+0x280e56]
V  [jvm.dll+0xc3f3d]
V  [jvm.dll+0xc4473]
V  [jvm.dll+0x2f437f]
V  [jvm.dll+0x5f5056]
V  [jvm.dll+0x252d7f]
V  [jvm.dll+0x25315f]
V  [jvm.dll+0x24b8e0]
V  [jvm.dll+0x2490a3]
V  [jvm.dll+0x1c9634]
V  [jvm.dll+0x258859]
V  [jvm.dll+0x256e3a]
V  [jvm.dll+0x3ef6c6]
V  [jvm.dll+0x7ff568]
V  [jvm.dll+0x6c953d]
C  [ucrtbase.dll+0x29363]
C  [KERNEL32.DLL+0x1257d]
C  [ntdll.dll+0x5aa58]


---------------  P R O C E S S  ---------------

Threads class SMR info:
_java_thread_list=0x0000027b5eb1ad10, length=17, elements={
0x0000027b5e63fa00, 0x0000027b5e640920, 0x0000027b5e645720, 0x0000027b5e646600,
0x0000027b5e64f170, 0x0000027b5e670d20, 0x0000027b5e675280, 0x0000027b5e677850,
0x0000027b5e91ca80, 0x0000027b5e91d7a0, 0x0000027b5e91d110, 0x0000027b5e91de30,
0x0000027b5ea8c630, 0x0000027b5ea8ccc0, 0x0000027b5ea870e0, 0x0000027b5ea8d350,
0x0000027b5e676ab0
}
_to_delete_list=0x0000027b5eb16cc0, length=16, elements={
0x0000027b5e63fa00, 0x0000027b5e640920, 0x0000027b5e645720, 0x0000027b5e646600,
0x0000027b5e64f170, 0x0000027b5e670d20, 0x0000027b5e675280, 0x0000027b5e677850,
0x0000027b5e91ca80, 0x0000027b5e91d7a0, 0x0000027b5e91d110, 0x0000027b5e91de30,
0x0000027b5ea8c630, 0x0000027b5ea8ccc0, 0x0000027b5ea870e0, 0x0000027b5ea8d350
}

Java Threads: ( => current thread )
  0x0000027b5e63fa00 JavaThread "Reference Handler"          daemon [_thread_blocked, id=7460, stack(0x000000fdd6e00000,0x000000fdd6f00000) (1024K)]
  0x0000027b5e640920 JavaThread "Finalizer"                  daemon [_thread_blocked, id=17232, stack(0x000000fdd6f00000,0x000000fdd7000000) (1024K)]
  0x0000027b5e645720 JavaThread "Signal Dispatcher"          daemon [_thread_blocked, id=5024, stack(0x000000fdd7000000,0x000000fdd7100000) (1024K)]
  0x0000027b5e646600 JavaThread "Attach Listener"            daemon [_thread_blocked, id=17160, stack(0x000000fdd7100000,0x000000fdd7200000) (1024K)]
  0x0000027b5e64f170 JavaThread "Service Thread"             daemon [_thread_blocked, id=19860, stack(0x000000fdd7200000,0x000000fdd7300000) (1024K)]
  0x0000027b5e670d20 JavaThread "Monitor Deflation Thread"   daemon [_thread_blocked, id=2472, stack(0x000000fdd7300000,0x000000fdd7400000) (1024K)]
=>0x0000027b5e675280 JavaThread "C2 CompilerThread0"         daemon [_thread_in_native, id=3408, stack(0x000000fdd7400000,0x000000fdd7500000) (1024K)]
  0x0000027b5e677850 JavaThread "C1 CompilerThread0"         daemon [_thread_blocked, id=18168, stack(0x000000fdd7500000,0x000000fdd7600000) (1024K)]
  0x0000027b5e91ca80 JavaThread "Notification Thread"        daemon [_thread_blocked, id=10952, stack(0x000000fdd7600000,0x000000fdd7700000) (1024K)]
  0x0000027b5e91d7a0 JavaThread "Common-Cleaner"             daemon [_thread_blocked, id=18292, stack(0x000000fdd7700000,0x000000fdd7800000) (1024K)]
  0x0000027b5e91d110 JavaThread "Java2D Disposer"            daemon [_thread_blocked, id=332, stack(0x000000fdd7800000,0x000000fdd7900000) (1024K)]
  0x0000027b5e91de30 JavaThread "AWT-Shutdown"                      [_thread_blocked, id=2376, stack(0x000000fdd7900000,0x000000fdd7a00000) (1024K)]
  0x0000027b5ea8c630 JavaThread "AWT-Windows"                daemon [_thread_in_native, id=6544, stack(0x000000fdd7a00000,0x000000fdd7b00000) (1024K)]
  0x0000027b5ea8ccc0 JavaThread "AWT-EventQueue-0"                  [_thread_blocked, id=10492, stack(0x000000fdd7b00000,0x000000fdd7c00000) (1024K)]
  0x0000027b5ea870e0 JavaThread "DestroyJavaVM"                     [_thread_blocked, id=17212, stack(0x000000fdd6600000,0x000000fdd6700000) (1024K)]
  0x0000027b5ea8d350 JavaThread "Image Fetcher 0"            daemon [_thread_in_Java, id=22080, stack(0x000000fdd7c00000,0x000000fdd7d00000) (1024K)]
  0x0000027b5e676ab0 JavaThread "C2 CompilerThread1"         daemon [_thread_in_native, id=15432, stack(0x000000fdd7d00000,0x000000fdd7e00000) (1024K)]
Total: 17

Other Threads:
  0x0000027b5e625cc0 VMThread "VM Thread"                           [id=2184, stack(0x000000fdd6d00000,0x000000fdd6e00000) (1024K)]
  0x0000027b5e60b660 WatcherThread "VM Periodic Task Thread"        [id=14604, stack(0x000000fdd6c00000,0x000000fdd6d00000) (1024K)]
  0x0000027b40961d40 WorkerThread "GC Thread#0"                     [id=12616, stack(0x000000fdd6700000,0x000000fdd6800000) (1024K)]
  0x0000027b4096eaa0 ConcurrentGCThread "G1 Main Marker"            [id=12708, stack(0x000000fdd6800000,0x000000fdd6900000) (1024K)]
  0x0000027b4096f750 WorkerThread "G1 Conc#0"                       [id=6004, stack(0x000000fdd6900000,0x000000fdd6a00000) (1024K)]
  0x0000027b5e4dfcc0 ConcurrentGCThread "G1 Refine#0"               [id=2460, stack(0x000000fdd6a00000,0x000000fdd6b00000) (1024K)]
  0x0000027b5e4e1650 ConcurrentGCThread "G1 Service"                [id=14468, stack(0x000000fdd6b00000,0x000000fdd6c00000) (1024K)]
Total: 7

Threads with active compile tasks:
C2 CompilerThread0      824  837       4       sun.awt.image.PNGImageDecoder::filterRow (460 bytes)
C2 CompilerThread1      825  853   !   4       sun.awt.image.PNGImageDecoder::produceImage (1917 bytes)
Total: 2

VM state: not at safepoint (normal execution)

VM Mutex/Monitor currently owned by a thread: None

Heap address: 0x0000000742800000, size: 3032 MB, Compressed Oops mode: Zero based, Oop shift amount: 3

CDS archive(s) mapped at: [0x0000027b5f000000-0x0000027b5fc90000-0x0000027b5fc90000), size 13172736, SharedBaseAddress: 0x0000027b5f000000, ArchiveRelocationMode: 1.
Compressed class space mapped at: 0x0000027b60000000-0x0000027ba0000000, reserved size: 1073741824
Narrow klass base: 0x0000027b5f000000, Narrow klass shift: 0, Narrow klass range: 0x100000000

GC Precious Log:
 CardTable entry size: 512
 Card Set container configuration: InlinePtr #cards 4 size 8 Array Of Cards #cards 16 size 48 Howl #buckets 8 coarsen threshold 3686 Howl Bitmap #cards 512 size 80 coarsen threshold 460 Card regions per heap region 1 cards per card region 4096
 CPUs: 8 total, 8 available
 Memory: 12124M
 Large Page Support: Disabled
 NUMA Support: Disabled
 Compressed Oops: Enabled (Zero based)
 Heap Region Size: 2M
 Heap Min Capacity: 8M
 Heap Initial Capacity: 190M
 Heap Max Capacity: 3032M
 Pre-touch: Disabled
 Parallel Workers: 8
 Concurrent Workers: 2
 Concurrent Refinement Workers: 8
 Periodic GC: Disabled

Heap:
 garbage-first heap   total 194560K, used 16384K [0x0000000742800000, 0x0000000800000000)
  region size 2048K, 7 young (14336K), 0 survivors (0K)
 Metaspace       used 6473K, committed 6720K, reserved 1114112K
  class space    used 717K, committed 832K, reserved 1048576K

Heap Regions: E=young(eden), S=young(survivor), O=old, HS=humongous(starts), HC=humongous(continues), CS=collection set, F=free, TAMS=top-at-mark-start, PB=parsable bottom
|   0|0x0000000742800000, 0x0000000742a00000, 0x0000000742a00000|100%|HS|  |TAMS 0x0000000742800000| PB 0x0000000742800000| Complete 
|   1|0x0000000742a00000, 0x0000000742c00000, 0x0000000742c00000|100%|HC|  |TAMS 0x0000000742a00000| PB 0x0000000742a00000| Complete 
|   2|0x0000000742c00000, 0x0000000742c00000, 0x0000000742e00000|  0%| F|  |TAMS 0x0000000742c00000| PB 0x0000000742c00000| Untracked 
|   3|0x0000000742e00000, 0x0000000742e00000, 0x0000000743000000|  0%| F|  |TAMS 0x0000000742e00000| PB 0x0000000742e00000| Untracked 
|   4|0x0000000743000000, 0x0000000743000000, 0x0000000743200000|  0%| F|  |TAMS 0x0000000743000000| PB 0x0000000743000000| Untracked 
|   5|0x0000000743200000, 0x0000000743200000, 0x0000000743400000|  0%| F|  |TAMS 0x0000000743200000| PB 0x0000000743200000| Untracked 
|   6|0x0000000743400000, 0x0000000743400000, 0x0000000743600000|  0%| F|  |TAMS 0x0000000743400000| PB 0x0000000743400000| Untracked 
|   7|0x0000000743600000, 0x0000000743600000, 0x0000000743800000|  0%| F|  |TAMS 0x0000000743600000| PB 0x0000000743600000| Untracked 
|   8|0x0000000743800000, 0x0000000743800000, 0x0000000743a00000|  0%| F|  |TAMS 0x0000000743800000| PB 0x0000000743800000| Untracked 
|   9|0x0000000743a00000, 0x0000000743a00000, 0x0000000743c00000|  0%| F|  |TAMS 0x0000000743a00000| PB 0x0000000743a00000| Untracked 
|  10|0x0000000743c00000, 0x0000000743c00000, 0x0000000743e00000|  0%| F|  |TAMS 0x0000000743c00000| PB 0x0000000743c00000| Untracked 
|  11|0x0000000743e00000, 0x0000000743e00000, 0x0000000744000000|  0%| F|  |TAMS 0x0000000743e00000| PB 0x0000000743e00000| Untracked 
|  12|0x0000000744000000, 0x0000000744000000, 0x0000000744200000|  0%| F|  |TAMS 0x0000000744000000| PB 0x0000000744000000| Untracked 
|  13|0x0000000744200000, 0x0000000744200000, 0x0000000744400000|  0%| F|  |TAMS 0x0000000744200000| PB 0x0000000744200000| Untracked 
|  14|0x0000000744400000, 0x0000000744400000, 0x0000000744600000|  0%| F|  |TAMS 0x0000000744400000| PB 0x0000000744400000| Untracked 
|  15|0x0000000744600000, 0x0000000744600000, 0x0000000744800000|  0%| F|  |TAMS 0x0000000744600000| PB 0x0000000744600000| Untracked 
|  16|0x0000000744800000, 0x0000000744800000, 0x0000000744a00000|  0%| F|  |TAMS 0x0000000744800000| PB 0x0000000744800000| Untracked 
|  17|0x0000000744a00000, 0x0000000744a00000, 0x0000000744c00000|  0%| F|  |TAMS 0x0000000744a00000| PB 0x0000000744a00000| Untracked 
|  18|0x0000000744c00000, 0x0000000744c00000, 0x0000000744e00000|  0%| F|  |TAMS 0x0000000744c00000| PB 0x0000000744c00000| Untracked 
|  19|0x0000000744e00000, 0x0000000744e00000, 0x0000000745000000|  0%| F|  |TAMS 0x0000000744e00000| PB 0x0000000744e00000| Untracked 
|  20|0x0000000745000000, 0x0000000745000000, 0x0000000745200000|  0%| F|  |TAMS 0x0000000745000000| PB 0x0000000745000000| Untracked 
|  21|0x0000000745200000, 0x0000000745200000, 0x0000000745400000|  0%| F|  |TAMS 0x0000000745200000| PB 0x0000000745200000| Untracked 
|  22|0x0000000745400000, 0x0000000745400000, 0x0000000745600000|  0%| F|  |TAMS 0x0000000745400000| PB 0x0000000745400000| Untracked 
|  23|0x0000000745600000, 0x0000000745600000, 0x0000000745800000|  0%| F|  |TAMS 0x0000000745600000| PB 0x0000000745600000| Untracked 
|  24|0x0000000745800000, 0x0000000745800000, 0x0000000745a00000|  0%| F|  |TAMS 0x0000000745800000| PB 0x0000000745800000| Untracked 
|  25|0x0000000745a00000, 0x0000000745a00000, 0x0000000745c00000|  0%| F|  |TAMS 0x0000000745a00000| PB 0x0000000745a00000| Untracked 
|  26|0x0000000745c00000, 0x0000000745c00000, 0x0000000745e00000|  0%| F|  |TAMS 0x0000000745c00000| PB 0x0000000745c00000| Untracked 
|  27|0x0000000745e00000, 0x0000000745e00000, 0x0000000746000000|  0%| F|  |TAMS 0x0000000745e00000| PB 0x0000000745e00000| Untracked 
|  28|0x0000000746000000, 0x0000000746000000, 0x0000000746200000|  0%| F|  |TAMS 0x0000000746000000| PB 0x0000000746000000| Untracked 
|  29|0x0000000746200000, 0x0000000746200000, 0x0000000746400000|  0%| F|  |TAMS 0x0000000746200000| PB 0x0000000746200000| Untracked 
|  30|0x0000000746400000, 0x0000000746400000, 0x0000000746600000|  0%| F|  |TAMS 0x0000000746400000| PB 0x0000000746400000| Untracked 
|  31|0x0000000746600000, 0x0000000746600000, 0x0000000746800000|  0%| F|  |TAMS 0x0000000746600000| PB 0x0000000746600000| Untracked 
|  32|0x0000000746800000, 0x0000000746800000, 0x0000000746a00000|  0%| F|  |TAMS 0x0000000746800000| PB 0x0000000746800000| Untracked 
|  33|0x0000000746a00000, 0x0000000746a00000, 0x0000000746c00000|  0%| F|  |TAMS 0x0000000746a00000| PB 0x0000000746a00000| Untracked 
|  34|0x0000000746c00000, 0x0000000746c00000, 0x0000000746e00000|  0%| F|  |TAMS 0x0000000746c00000| PB 0x0000000746c00000| Untracked 
|  35|0x0000000746e00000, 0x0000000746e00000, 0x0000000747000000|  0%| F|  |TAMS 0x0000000746e00000| PB 0x0000000746e00000| Untracked 
|  36|0x0000000747000000, 0x0000000747000000, 0x0000000747200000|  0%| F|  |TAMS 0x0000000747000000| PB 0x0000000747000000| Untracked 
|  37|0x0000000747200000, 0x0000000747200000, 0x0000000747400000|  0%| F|  |TAMS 0x0000000747200000| PB 0x0000000747200000| Untracked 
|  38|0x0000000747400000, 0x0000000747400000, 0x0000000747600000|  0%| F|  |TAMS 0x0000000747400000| PB 0x0000000747400000| Untracked 
|  39|0x0000000747600000, 0x0000000747600000, 0x0000000747800000|  0%| F|  |TAMS 0x0000000747600000| PB 0x0000000747600000| Untracked 
|  40|0x0000000747800000, 0x0000000747800000, 0x0000000747a00000|  0%| F|  |TAMS 0x0000000747800000| PB 0x0000000747800000| Untracked 
|  41|0x0000000747a00000, 0x0000000747a00000, 0x0000000747c00000|  0%| F|  |TAMS 0x0000000747a00000| PB 0x0000000747a00000| Untracked 
|  42|0x0000000747c00000, 0x0000000747c00000, 0x0000000747e00000|  0%| F|  |TAMS 0x0000000747c00000| PB 0x0000000747c00000| Untracked 
|  43|0x0000000747e00000, 0x0000000747e00000, 0x0000000748000000|  0%| F|  |TAMS 0x0000000747e00000| PB 0x0000000747e00000| Untracked 
|  44|0x0000000748000000, 0x0000000748000000, 0x0000000748200000|  0%| F|  |TAMS 0x0000000748000000| PB 0x0000000748000000| Untracked 
|  45|0x0000000748200000, 0x0000000748200000, 0x0000000748400000|  0%| F|  |TAMS 0x0000000748200000| PB 0x0000000748200000| Untracked 
|  46|0x0000000748400000, 0x0000000748400000, 0x0000000748600000|  0%| F|  |TAMS 0x0000000748400000| PB 0x0000000748400000| Untracked 
|  47|0x0000000748600000, 0x0000000748600000, 0x0000000748800000|  0%| F|  |TAMS 0x0000000748600000| PB 0x0000000748600000| Untracked 
|  48|0x0000000748800000, 0x0000000748800000, 0x0000000748a00000|  0%| F|  |TAMS 0x0000000748800000| PB 0x0000000748800000| Untracked 
|  49|0x0000000748a00000, 0x0000000748a00000, 0x0000000748c00000|  0%| F|  |TAMS 0x0000000748a00000| PB 0x0000000748a00000| Untracked 
|  50|0x0000000748c00000, 0x0000000748c00000, 0x0000000748e00000|  0%| F|  |TAMS 0x0000000748c00000| PB 0x0000000748c00000| Untracked 
|  51|0x0000000748e00000, 0x0000000748e00000, 0x0000000749000000|  0%| F|  |TAMS 0x0000000748e00000| PB 0x0000000748e00000| Untracked 
|  52|0x0000000749000000, 0x0000000749000000, 0x0000000749200000|  0%| F|  |TAMS 0x0000000749000000| PB 0x0000000749000000| Untracked 
|  53|0x0000000749200000, 0x0000000749200000, 0x0000000749400000|  0%| F|  |TAMS 0x0000000749200000| PB 0x0000000749200000| Untracked 
|  54|0x0000000749400000, 0x0000000749400000, 0x0000000749600000|  0%| F|  |TAMS 0x0000000749400000| PB 0x0000000749400000| Untracked 
|  55|0x0000000749600000, 0x0000000749600000, 0x0000000749800000|  0%| F|  |TAMS 0x0000000749600000| PB 0x0000000749600000| Untracked 
|  56|0x0000000749800000, 0x0000000749800000, 0x0000000749a00000|  0%| F|  |TAMS 0x0000000749800000| PB 0x0000000749800000| Untracked 
|  57|0x0000000749a00000, 0x0000000749a00000, 0x0000000749c00000|  0%| F|  |TAMS 0x0000000749a00000| PB 0x0000000749a00000| Untracked 
|  58|0x0000000749c00000, 0x0000000749c00000, 0x0000000749e00000|  0%| F|  |TAMS 0x0000000749c00000| PB 0x0000000749c00000| Untracked 
|  59|0x0000000749e00000, 0x0000000749e00000, 0x000000074a000000|  0%| F|  |TAMS 0x0000000749e00000| PB 0x0000000749e00000| Untracked 
|  60|0x000000074a000000, 0x000000074a000000, 0x000000074a200000|  0%| F|  |TAMS 0x000000074a000000| PB 0x000000074a000000| Untracked 
|  61|0x000000074a200000, 0x000000074a200000, 0x000000074a400000|  0%| F|  |TAMS 0x000000074a200000| PB 0x000000074a200000| Untracked 
|  62|0x000000074a400000, 0x000000074a400000, 0x000000074a600000|  0%| F|  |TAMS 0x000000074a400000| PB 0x000000074a400000| Untracked 
|  63|0x000000074a600000, 0x000000074a600000, 0x000000074a800000|  0%| F|  |TAMS 0x000000074a600000| PB 0x000000074a600000| Untracked 
|  64|0x000000074a800000, 0x000000074a800000, 0x000000074aa00000|  0%| F|  |TAMS 0x000000074a800000| PB 0x000000074a800000| Untracked 
|  65|0x000000074aa00000, 0x000000074aa00000, 0x000000074ac00000|  0%| F|  |TAMS 0x000000074aa00000| PB 0x000000074aa00000| Untracked 
|  66|0x000000074ac00000, 0x000000074ac00000, 0x000000074ae00000|  0%| F|  |TAMS 0x000000074ac00000| PB 0x000000074ac00000| Untracked 
|  67|0x000000074ae00000, 0x000000074ae00000, 0x000000074b000000|  0%| F|  |TAMS 0x000000074ae00000| PB 0x000000074ae00000| Untracked 
|  68|0x000000074b000000, 0x000000074b000000, 0x000000074b200000|  0%| F|  |TAMS 0x000000074b000000| PB 0x000000074b000000| Untracked 
|  69|0x000000074b200000, 0x000000074b200000, 0x000000074b400000|  0%| F|  |TAMS 0x000000074b200000| PB 0x000000074b200000| Untracked 
|  70|0x000000074b400000, 0x000000074b400000, 0x000000074b600000|  0%| F|  |TAMS 0x000000074b400000| PB 0x000000074b400000| Untracked 
|  71|0x000000074b600000, 0x000000074b600000, 0x000000074b800000|  0%| F|  |TAMS 0x000000074b600000| PB 0x000000074b600000| Untracked 
|  72|0x000000074b800000, 0x000000074b800000, 0x000000074ba00000|  0%| F|  |TAMS 0x000000074b800000| PB 0x000000074b800000| Untracked 
|  73|0x000000074ba00000, 0x000000074ba00000, 0x000000074bc00000|  0%| F|  |TAMS 0x000000074ba00000| PB 0x000000074ba00000| Untracked 
|  74|0x000000074bc00000, 0x000000074bc00000, 0x000000074be00000|  0%| F|  |TAMS 0x000000074bc00000| PB 0x000000074bc00000| Untracked 
|  75|0x000000074be00000, 0x000000074be00000, 0x000000074c000000|  0%| F|  |TAMS 0x000000074be00000| PB 0x000000074be00000| Untracked 
|  76|0x000000074c000000, 0x000000074c000000, 0x000000074c200000|  0%| F|  |TAMS 0x000000074c000000| PB 0x000000074c000000| Untracked 
|  77|0x000000074c200000, 0x000000074c200000, 0x000000074c400000|  0%| F|  |TAMS 0x000000074c200000| PB 0x000000074c200000| Untracked 
|  78|0x000000074c400000, 0x000000074c400000, 0x000000074c600000|  0%| F|  |TAMS 0x000000074c400000| PB 0x000000074c400000| Untracked 
|  79|0x000000074c600000, 0x000000074c600000, 0x000000074c800000|  0%| F|  |TAMS 0x000000074c600000| PB 0x000000074c600000| Untracked 
|  80|0x000000074c800000, 0x000000074c800000, 0x000000074ca00000|  0%| F|  |TAMS 0x000000074c800000| PB 0x000000074c800000| Untracked 
|  81|0x000000074ca00000, 0x000000074ca00000, 0x000000074cc00000|  0%| F|  |TAMS 0x000000074ca00000| PB 0x000000074ca00000| Untracked 
|  82|0x000000074cc00000, 0x000000074cc00000, 0x000000074ce00000|  0%| F|  |TAMS 0x000000074cc00000| PB 0x000000074cc00000| Untracked 
|  83|0x000000074ce00000, 0x000000074ce00000, 0x000000074d000000|  0%| F|  |TAMS 0x000000074ce00000| PB 0x000000074ce00000| Untracked 
|  84|0x000000074d000000, 0x000000074d000000, 0x000000074d200000|  0%| F|  |TAMS 0x000000074d000000| PB 0x000000074d000000| Untracked 
|  85|0x000000074d200000, 0x000000074d200000, 0x000000074d400000|  0%| F|  |TAMS 0x000000074d200000| PB 0x000000074d200000| Untracked 
|  86|0x000000074d400000, 0x000000074d400000, 0x000000074d600000|  0%| F|  |TAMS 0x000000074d400000| PB 0x000000074d400000| Untracked 
|  87|0x000000074d600000, 0x000000074d600000, 0x000000074d800000|  0%| F|  |TAMS 0x000000074d600000| PB 0x000000074d600000| Untracked 
|  88|0x000000074d800000, 0x000000074d871e70, 0x000000074da00000| 22%| E|  |TAMS 0x000000074d800000| PB 0x000000074d800000| Complete 
|  89|0x000000074da00000, 0x000000074dc00000, 0x000000074dc00000|100%| E|CS|TAMS 0x000000074da00000| PB 0x000000074da00000| Complete 
|  90|0x000000074dc00000, 0x000000074de00000, 0x000000074de00000|100%| E|CS|TAMS 0x000000074dc00000| PB 0x000000074dc00000| Complete 
|  91|0x000000074de00000, 0x000000074e000000, 0x000000074e000000|100%| E|CS|TAMS 0x000000074de00000| PB 0x000000074de00000| Complete 
|  92|0x000000074e000000, 0x000000074e200000, 0x000000074e200000|100%| E|CS|TAMS 0x000000074e000000| PB 0x000000074e000000| Complete 
|  93|0x000000074e200000, 0x000000074e400000, 0x000000074e400000|100%| E|CS|TAMS 0x000000074e200000| PB 0x000000074e200000| Complete 
|  94|0x000000074e400000, 0x000000074e600000, 0x000000074e600000|100%| E|CS|TAMS 0x000000074e400000| PB 0x000000074e400000| Complete 

Card table byte_map: [0x0000027b586a0000,0x0000027b58c90000] _byte_map_base: 0x0000027b54c8c000

Marking Bits: (CMBitMap*) 0x0000027b40962440
 Bits: [0x0000027b58c90000, 0x0000027b5bbf0000)

Polling page: 0x0000027b400e0000

Metaspace:

Usage:
  Non-class:      5.62 MB used.
      Class:    717.69 KB used.
       Both:      6.32 MB used.

Virtual space:
  Non-class space:       64.00 MB reserved,       5.75 MB (  9%) committed,  1 nodes.
      Class space:        1.00 GB reserved,     832.00 KB ( <1%) committed,  1 nodes.
             Both:        1.06 GB reserved,       6.56 MB ( <1%) committed. 

Chunk freelists:
   Non-Class:  10.22 MB
       Class:  15.23 MB
        Both:  25.45 MB

MaxMetaspaceSize: unlimited
CompressedClassSpaceSize: 1.00 GB
Initial GC threshold: 21.00 MB
Current GC threshold: 21.00 MB
CDS: on
 - commit_granule_bytes: 65536.
 - commit_granule_words: 8192.
 - virtual_space_node_default_size: 8388608.
 - enlarge_chunks_in_place: 1.
 - use_allocation_guard: 0.


Internal statistics:

num_allocs_failed_limit: 0.
num_arena_births: 152.
num_arena_deaths: 0.
num_vsnodes_births: 2.
num_vsnodes_deaths: 0.
num_space_committed: 105.
num_space_uncommitted: 0.
num_chunks_returned_to_freelist: 0.
num_chunks_taken_from_freelist: 194.
num_chunk_merges: 0.
num_chunk_splits: 120.
num_chunks_enlarged: 53.
num_inconsistent_stats: 0.

CodeHeap 'non-profiled nmethods': size=120000Kb used=269Kb max_used=269Kb free=119730Kb
 bounds [0x0000027b50850000, 0x0000027b50ac0000, 0x0000027b57d80000]
CodeHeap 'profiled nmethods': size=120000Kb used=1410Kb max_used=1410Kb free=118590Kb
 bounds [0x0000027b48d80000, 0x0000027b48ff0000, 0x0000027b502b0000]
CodeHeap 'non-nmethods': size=5760Kb used=1501Kb max_used=1535Kb free=4258Kb
 bounds [0x0000027b502b0000, 0x0000027b50520000, 0x0000027b50850000]
 total_blobs=1429 nmethods=851 adapters=483
 compilation: enabled
              stopped_count=0, restarted_count=0
 full_count=0

Compilation events (20 events):
Event: 0.707 Thread 0x0000027b5e677850  845       3       sun.awt.image.ImageWatched$WeakLink::lambda$update$0 (19 bytes)
Event: 0.707 Thread 0x0000027b5e677850 nmethod 845 0x0000027b48ed9d90 code [0x0000027b48ed9f60, 0x0000027b48eda1f8]
Event: 0.707 Thread 0x0000027b5e677850  846       3       java.awt.ImageMediaEntry::imageUpdate (51 bytes)
Event: 0.707 Thread 0x0000027b5e677850 nmethod 846 0x0000027b48eda310 code [0x0000027b48eda500, 0x0000027b48edabd8]
Event: 0.709 Thread 0x0000027b5e677850  847   !   3       sun.awt.image.ImageRepresentation::setPixels (527 bytes)
Event: 0.712 Thread 0x0000027b5e677850 nmethod 847 0x0000027b48edae10 code [0x0000027b48edb1c0, 0x0000027b48edd228]
Event: 0.712 Thread 0x0000027b5e677850  848       3       sun.awt.image.IntegerInterleavedRaster::setDataElements (134 bytes)
Event: 0.712 Thread 0x0000027b5e677850 nmethod 848 0x0000027b48ede290 code [0x0000027b48ede480, 0x0000027b48edeb18]
Event: 0.713 Thread 0x0000027b5e677850  849       3       sun.awt.image.SunWritableRaster::markDirty (8 bytes)
Event: 0.713 Thread 0x0000027b5e677850 nmethod 849 0x0000027b48eded90 code [0x0000027b48edef40, 0x0000027b48edf0e0]
Event: 0.713 Thread 0x0000027b5e677850  850       3       sun.awt.image.ImageWatched$WeakLink$$Lambda/0x0000027b600b0870::<init> (44 bytes)
Event: 0.713 Thread 0x0000027b5e677850 nmethod 850 0x0000027b48edf190 code [0x0000027b48edf340, 0x0000027b48edf590]
Event: 0.735 Thread 0x0000027b5e677850  851       3       sun.awt.image.ImageDecoder::setPixels (58 bytes)
Event: 0.736 Thread 0x0000027b5e677850 nmethod 851 0x0000027b48edf690 code [0x0000027b48edf880, 0x0000027b48edffe0]
Event: 0.744 Thread 0x0000027b5e677850  852       3       sun.awt.image.PNGImageDecoder::getInt (59 bytes)
Event: 0.745 Thread 0x0000027b5e677850 nmethod 852 0x0000027b48ee0310 code [0x0000027b48ee04c0, 0x0000027b48ee06a0]
Event: 0.759 Thread 0x0000027b5e676ab0 nmethod 828% 0x0000027b5088d890 code [0x0000027b5088dc60, 0x0000027b50891738]
Event: 0.759 Thread 0x0000027b5e676ab0  838       4       jdk.internal.util.Preconditions::checkFromIndexSize (25 bytes)
Event: 0.760 Thread 0x0000027b5e676ab0 nmethod 838 0x0000027b50893410 code [0x0000027b508935a0, 0x0000027b50893670]
Event: 0.760 Thread 0x0000027b5e676ab0  853   !   4       sun.awt.image.PNGImageDecoder::produceImage (1917 bytes)

GC Heap History (0 events):
No events

Dll operation events (7 events):
Event: 0.008 Loaded shared library C:\Program Files\Java\jdk-21\bin\java.dll
Event: 0.053 Loaded shared library C:\Program Files\Java\jdk-21\bin\jsvml.dll
Event: 0.103 Loaded shared library C:\Program Files\Java\jdk-21\bin\jimage.dll
Event: 0.108 Loaded shared library C:\Program Files\Java\jdk-21\bin\awt.dll
Event: 0.368 Loaded shared library C:\Program Files\Java\jdk-21\bin\freetype.dll
Event: 0.369 Loaded shared library C:\Program Files\Java\jdk-21\bin\fontmanager.dll
Event: 0.499 Loaded shared library C:\Program Files\Java\jdk-21\bin\zip.dll

Deoptimization events (20 events):
Event: 0.774 Thread 0x0000027b5ea8d350 DEOPT PACKING pc=0x0000027b48ec291e sp=0x000000fdd7cfecd0
Event: 0.774 Thread 0x0000027b5ea8d350 DEOPT UNPACKING pc=0x0000027b50304e42 sp=0x000000fdd7cfe140 mode 0
Event: 0.774 Thread 0x0000027b5ea8d350 DEOPT PACKING pc=0x0000027b48ec291e sp=0x000000fdd7cfecd0
Event: 0.774 Thread 0x0000027b5ea8d350 DEOPT UNPACKING pc=0x0000027b50304e42 sp=0x000000fdd7cfe140 mode 0
Event: 0.775 Thread 0x0000027b5ea8d350 DEOPT PACKING pc=0x0000027b48ec291e sp=0x000000fdd7cfecd0
Event: 0.775 Thread 0x0000027b5ea8d350 DEOPT UNPACKING pc=0x0000027b50304e42 sp=0x000000fdd7cfe140 mode 0
Event: 0.775 Thread 0x0000027b5ea8d350 DEOPT PACKING pc=0x0000027b48ec291e sp=0x000000fdd7cfecd0
Event: 0.775 Thread 0x0000027b5ea8d350 DEOPT UNPACKING pc=0x0000027b50304e42 sp=0x000000fdd7cfe140 mode 0
Event: 0.776 Thread 0x0000027b5ea8d350 DEOPT PACKING pc=0x0000027b48ec291e sp=0x000000fdd7cfecd0
Event: 0.776 Thread 0x0000027b5ea8d350 DEOPT UNPACKING pc=0x0000027b50304e42 sp=0x000000fdd7cfe140 mode 0
Event: 0.777 Thread 0x0000027b5ea8d350 DEOPT PACKING pc=0x0000027b48ec291e sp=0x000000fdd7cfecd0
Event: 0.777 Thread 0x0000027b5ea8d350 DEOPT UNPACKING pc=0x0000027b50304e42 sp=0x000000fdd7cfe140 mode 0
Event: 0.777 Thread 0x0000027b5ea8d350 DEOPT PACKING pc=0x0000027b48ec291e sp=0x000000fdd7cfecd0
Event: 0.777 Thread 0x0000027b5ea8d350 DEOPT UNPACKING pc=0x0000027b50304e42 sp=0x000000fdd7cfe140 mode 0
Event: 0.778 Thread 0x0000027b5ea8d350 DEOPT PACKING pc=0x0000027b48ec291e sp=0x000000fdd7cfecd0
Event: 0.778 Thread 0x0000027b5ea8d350 DEOPT UNPACKING pc=0x0000027b50304e42 sp=0x000000fdd7cfe140 mode 0
Event: 0.779 Thread 0x0000027b5ea8d350 DEOPT PACKING pc=0x0000027b48ec291e sp=0x000000fdd7cfecd0
Event: 0.779 Thread 0x0000027b5ea8d350 DEOPT UNPACKING pc=0x0000027b50304e42 sp=0x000000fdd7cfe140 mode 0
Event: 0.779 Thread 0x0000027b5ea8d350 DEOPT PACKING pc=0x0000027b48ec291e sp=0x000000fdd7cfecd0
Event: 0.779 Thread 0x0000027b5ea8d350 DEOPT UNPACKING pc=0x0000027b50304e42 sp=0x000000fdd7cfe140 mode 0

Classes loaded (20 events):
Event: 0.599 Loading class java/awt/event/AdjustmentListener done
Event: 0.599 Loading class java/awt/event/TextListener
Event: 0.599 Loading class java/awt/event/TextListener done
Event: 0.599 Loading class java/awt/event/InputMethodListener
Event: 0.599 Loading class java/awt/event/InputMethodListener done
Event: 0.599 Loading class java/awt/event/HierarchyListener
Event: 0.599 Loading class java/awt/event/HierarchyListener done
Event: 0.599 Loading class java/awt/event/HierarchyBoundsListener
Event: 0.599 Loading class java/awt/event/HierarchyBoundsListener done
Event: 0.599 Loading class java/awt/event/MouseWheelListener
Event: 0.599 Loading class java/awt/event/MouseWheelListener done
Event: 0.599 Loading class java/awt/AWTEventMulticaster done
Event: 0.600 Loading class javax/swing/JToggleButton
Event: 0.600 Loading class javax/swing/JToggleButton done
Event: 0.600 Loading class javax/swing/event/AncestorListener
Event: 0.600 Loading class javax/swing/event/AncestorListener done
Event: 0.600 Loading class java/beans/VetoableChangeListener
Event: 0.600 Loading class java/beans/VetoableChangeListener done
Event: 0.600 Loading class javax/swing/plaf/basic/BasicHTML
Event: 0.601 Loading class javax/swing/plaf/basic/BasicHTML done

Classes unloaded (0 events):
No events

Classes redefined (0 events):
No events

Internal exceptions (12 events):
Event: 0.093 Thread 0x0000027b3e7974e0 Exception <a 'java/lang/ClassNotFoundException'{0x000000074e276378}: sun/awt/resources/spi/awtProvider> (0x000000074e276378) 
thrown [s\open\src\hotspot\share\classfile\systemDictionary.cpp, line 312]
Event: 0.124 Thread 0x0000027b3e7974e0 Exception <a 'java/io/FileNotFoundException'{0x000000074e2d1660}> (0x000000074e2d1660) 
thrown [s\open\src\hotspot\share\prims\jni.cpp, line 520]
Event: 0.131 Thread 0x0000027b3e7974e0 Exception <a 'java/io/FileNotFoundException'{0x000000074e2fb878}> (0x000000074e2fb878) 
thrown [s\open\src\hotspot\share\prims\jni.cpp, line 520]
Event: 0.268 Thread 0x0000027b5ea8ccc0 Exception <a 'java/lang/NoSuchMethodError'{0x000000074e15da60}: 'void java.lang.invoke.DirectMethodHandle$Holder.invokeSpecial(java.lang.Object, java.lang.Object, java.lang.Object)'> (0x000000074e15da60) 
thrown [s\open\src\hotspot\share\interpreter\linkResolver.cpp, line 773]
Event: 0.278 Thread 0x0000027b5ea8ccc0 Exception <a 'java/lang/NoSuchMethodError'{0x000000074e1834f0}: 'java.lang.Object java.lang.invoke.DirectMethodHandle$Holder.newInvokeSpecial(java.lang.Object, java.lang.Object, java.lang.Object, java.lang.Object, java.lang.Object)'> (0x000000074e1834f0) 
thrown [s\open\src\hotspot\share\interpreter\linkResolver.cpp, line 773]
Event: 0.286 Thread 0x0000027b5ea8ccc0 Exception <a 'java/lang/NoSuchMethodError'{0x000000074e1af078}: 'java.lang.Object java.lang.invoke.DirectMethodHandle$Holder.invokeStatic(java.lang.Object, int, java.lang.Object)'> (0x000000074e1af078) 
thrown [s\open\src\hotspot\share\interpreter\linkResolver.cpp, line 773]
Event: 0.314 Thread 0x0000027b5ea8ccc0 Exception <a 'java/lang/ClassNotFoundException'{0x000000074de4ec38}: com/sun/swing/internal/plaf/metal/resources/spi/metalProvider> (0x000000074de4ec38) 
thrown [s\open\src\hotspot\share\classfile\systemDictionary.cpp, line 312]
Event: 0.315 Thread 0x0000027b5ea8ccc0 Exception <a 'java/lang/ClassNotFoundException'{0x000000074de52b78}: com/sun/swing/internal/plaf/basic/resources/spi/basicProvider> (0x000000074de52b78) 
thrown [s\open\src\hotspot\share\classfile\systemDictionary.cpp, line 312]
Event: 0.326 Thread 0x0000027b5ea8ccc0 Exception <a 'java/lang/NoSuchMethodError'{0x000000074de72598}: 'int java.lang.invoke.Invokers$Holder.invokeExact_MT(java.lang.Object, java.lang.Object)'> (0x000000074de72598) 
thrown [s\open\src\hotspot\share\interpreter\linkResolver.cpp, line 773]
Event: 0.336 Thread 0x0000027b5ea8c630 Exception <a 'java/lang/NoSuchMethodError'{0x000000074e00e760}: 'void java.lang.invoke.DirectMethodHandle$Holder.invokeVirtual(java.lang.Object, java.lang.Object)'> (0x000000074e00e760) 
thrown [s\open\src\hotspot\share\interpreter\linkResolver.cpp, line 773]
Event: 0.361 Thread 0x0000027b5ea8ccc0 Exception <a 'java/lang/NoSuchMethodError'{0x000000074de97508}: 'void java.lang.invoke.DirectMethodHandle$Holder.invokeStaticInit(java.lang.Object)'> (0x000000074de97508) 
thrown [s\open\src\hotspot\share\interpreter\linkResolver.cpp, line 773]
Event: 0.574 Thread 0x0000027b5ea8d350 Exception <a 'java/lang/NoSuchMethodError'{0x000000074dcf94d0}: 'java.lang.Object java.lang.invoke.DirectMethodHandle$Holder.newInvokeSpecial(java.lang.Object, java.lang.Object, java.lang.Object, int, int, int, int, int)'> (0x000000074dcf94d0) 
thrown [s\open\src\hotspot\share\interpreter\linkResolver.cpp, line 773]

ZGC Phase Switch (0 events):
No events

VM Operations (6 events):
Event: 0.313 Executing VM operation: HandshakeAllThreads (Deoptimize)
Event: 0.313 Executing VM operation: HandshakeAllThreads (Deoptimize) done
Event: 0.345 Executing VM operation: HandshakeAllThreads (Deoptimize)
Event: 0.345 Executing VM operation: HandshakeAllThreads (Deoptimize) done
Event: 0.550 Executing VM operation: HandshakeAllThreads (Deoptimize)
Event: 0.550 Executing VM operation: HandshakeAllThreads (Deoptimize) done

Events (19 events):
Event: 0.030 Thread 0x0000027b3e7974e0 Thread added: 0x0000027b3e7974e0
Event: 0.049 Thread 0x0000027b5e63fa00 Thread added: 0x0000027b5e63fa00
Event: 0.049 Thread 0x0000027b5e640920 Thread added: 0x0000027b5e640920
Event: 0.050 Thread 0x0000027b5e645720 Thread added: 0x0000027b5e645720
Event: 0.050 Thread 0x0000027b5e646600 Thread added: 0x0000027b5e646600
Event: 0.050 Thread 0x0000027b5e64f170 Thread added: 0x0000027b5e64f170
Event: 0.050 Thread 0x0000027b5e670d20 Thread added: 0x0000027b5e670d20
Event: 0.050 Thread 0x0000027b5e675280 Thread added: 0x0000027b5e675280
Event: 0.050 Thread 0x0000027b5e677850 Thread added: 0x0000027b5e677850
Event: 0.074 Thread 0x0000027b5e91ca80 Thread added: 0x0000027b5e91ca80
Event: 0.077 Thread 0x0000027b5e91d7a0 Thread added: 0x0000027b5e91d7a0
Event: 0.177 Thread 0x0000027b5e91d110 Thread added: 0x0000027b5e91d110
Event: 0.179 Thread 0x0000027b5e91de30 Thread added: 0x0000027b5e91de30
Event: 0.181 Thread 0x0000027b5ea8c630 Thread added: 0x0000027b5ea8c630
Event: 0.193 Thread 0x0000027b5ea8ccc0 Thread added: 0x0000027b5ea8ccc0
Event: 0.193 Thread 0x0000027b3e7974e0 Thread exited: 0x0000027b3e7974e0
Event: 0.193 Thread 0x0000027b5ea870e0 Thread added: 0x0000027b5ea870e0
Event: 0.457 Thread 0x0000027b5ea8d350 Thread added: 0x0000027b5ea8d350
Event: 0.550 Thread 0x0000027b5e676ab0 Thread added: 0x0000027b5e676ab0


Dynamic libraries:
0x00007ff760c00000 - 0x00007ff760c10000 	C:\Program Files\Java\jdk-21\bin\java.exe
0x00007ffc4eb50000 - 0x00007ffc4ed67000 	C:\WINDOWS\SYSTEM32\ntdll.dll
0x00007ffc4dbe0000 - 0x00007ffc4dca4000 	C:\WINDOWS\System32\KERNEL32.DLL
0x00007ffc4c1f0000 - 0x00007ffc4c596000 	C:\WINDOWS\System32\KERNELBASE.dll
0x00007ffc4c030000 - 0x00007ffc4c141000 	C:\WINDOWS\System32\ucrtbase.dll
0x00007ffc42410000 - 0x00007ffc4242b000 	C:\Program Files\Java\jdk-21\bin\VCRUNTIME140.dll
0x00007ffc423d0000 - 0x00007ffc423e9000 	C:\Program Files\Java\jdk-21\bin\jli.dll
0x00007ffc4cdf0000 - 0x00007ffc4cea1000 	C:\WINDOWS\System32\ADVAPI32.dll
0x00007ffc4e6f0000 - 0x00007ffc4e797000 	C:\WINDOWS\System32\msvcrt.dll
0x00007ffc4e020000 - 0x00007ffc4e0c5000 	C:\WINDOWS\System32\sechost.dll
0x00007ffc4e940000 - 0x00007ffc4ea57000 	C:\WINDOWS\System32\RPCRT4.dll
0x00007ffc4d910000 - 0x00007ffc4dabe000 	C:\WINDOWS\System32\USER32.dll
0x00007ffc2f160000 - 0x00007ffc2f3f3000 	C:\WINDOWS\WinSxS\amd64_microsoft.windows.common-controls_6595b64144ccf1df_6.0.22621.2506_none_270c5ae97388e100\COMCTL32.dll
0x00007ffc4c1c0000 - 0x00007ffc4c1e6000 	C:\WINDOWS\System32\win32u.dll
0x00007ffc4ea60000 - 0x00007ffc4ea89000 	C:\WINDOWS\System32\GDI32.dll
0x00007ffc4c5a0000 - 0x00007ffc4c6b8000 	C:\WINDOWS\System32\gdi32full.dll
0x00007ffc4c800000 - 0x00007ffc4c89a000 	C:\WINDOWS\System32\msvcp_win.dll
0x00007ffc420a0000 - 0x00007ffc420aa000 	C:\WINDOWS\SYSTEM32\VERSION.dll
0x00007ffc4d7e0000 - 0x00007ffc4d811000 	C:\WINDOWS\System32\IMM32.DLL
0x00007ffc42570000 - 0x00007ffc4257c000 	C:\Program Files\Java\jdk-21\bin\vcruntime140_1.dll
0x00007ffc3ae00000 - 0x00007ffc3ae8e000 	C:\Program Files\Java\jdk-21\bin\msvcp140.dll
0x00007ffbf7d90000 - 0x00007ffbf8aa7000 	C:\Program Files\Java\jdk-21\bin\server\jvm.dll
0x00007ffc4e0e0000 - 0x00007ffc4e151000 	C:\WINDOWS\System32\WS2_32.dll
0x00007ffc4b610000 - 0x00007ffc4b65d000 	C:\WINDOWS\SYSTEM32\POWRPROF.dll
0x00007ffc42680000 - 0x00007ffc426b4000 	C:\WINDOWS\SYSTEM32\WINMM.dll
0x00007ffc4b5f0000 - 0x00007ffc4b603000 	C:\WINDOWS\SYSTEM32\UMPDC.dll
0x00007ffc4ae80000 - 0x00007ffc4ae98000 	C:\WINDOWS\SYSTEM32\kernel.appcore.dll
0x00007ffc423c0000 - 0x00007ffc423ca000 	C:\Program Files\Java\jdk-21\bin\jimage.dll
0x00007ffc46f70000 - 0x00007ffc471a3000 	C:\WINDOWS\SYSTEM32\DBGHELP.DLL
0x00007ffc4ca60000 - 0x00007ffc4cde9000 	C:\WINDOWS\System32\combase.dll
0x00007ffc4d830000 - 0x00007ffc4d907000 	C:\WINDOWS\System32\OLEAUT32.dll
0x00007ffc43870000 - 0x00007ffc438a2000 	C:\WINDOWS\SYSTEM32\dbgcore.DLL
0x00007ffc4c780000 - 0x00007ffc4c7fa000 	C:\WINDOWS\System32\bcryptPrimitives.dll
0x00007ffc41d70000 - 0x00007ffc41d8f000 	C:\Program Files\Java\jdk-21\bin\java.dll
0x00007ffc4ceb0000 - 0x00007ffc4d70a000 	C:\WINDOWS\System32\SHELL32.dll
0x00007ffc49d90000 - 0x00007ffc4a686000 	C:\WINDOWS\SYSTEM32\windows.storage.dll
0x00007ffc49c50000 - 0x00007ffc49d8e000 	C:\WINDOWS\SYSTEM32\wintypes.dll
0x00007ffc4de90000 - 0x00007ffc4df83000 	C:\WINDOWS\System32\SHCORE.dll
0x00007ffc4d710000 - 0x00007ffc4d76e000 	C:\WINDOWS\System32\shlwapi.dll
0x00007ffc4bdf0000 - 0x00007ffc4be16000 	C:\WINDOWS\SYSTEM32\profapi.dll
0x00007ffc30240000 - 0x00007ffc30317000 	C:\Program Files\Java\jdk-21\bin\jsvml.dll
0x00007ffbfde90000 - 0x00007ffbfe01f000 	C:\Program Files\Java\jdk-21\bin\awt.dll
0x00007ffc49310000 - 0x00007ffc493a7000 	C:\WINDOWS\SYSTEM32\apphelp.dll
0x00007ffc493d0000 - 0x00007ffc4947b000 	C:\WINDOWS\system32\uxtheme.dll
0x00007ffc4dd40000 - 0x00007ffc4de90000 	C:\WINDOWS\System32\MSCTF.dll
0x00007ffc4e7a0000 - 0x00007ffc4e940000 	C:\WINDOWS\System32\ole32.dll
0x00007ffc49610000 - 0x00007ffc4963b000 	C:\WINDOWS\system32\DWMAPI.DLL
0x00007ffc27940000 - 0x00007ffc27a40000 	C:\WINDOWS\system32\opengl32.dll
0x00007ffc35150000 - 0x00007ffc3517d000 	C:\WINDOWS\SYSTEM32\GLU32.dll
0x00007ffc494b0000 - 0x00007ffc494e6000 	C:\WINDOWS\SYSTEM32\dxcore.dll
0x00007ffc3ad70000 - 0x00007ffc3adf7000 	C:\Program Files\Java\jdk-21\bin\freetype.dll
0x00007ffc086e0000 - 0x00007ffc087c2000 	C:\Program Files\Java\jdk-21\bin\fontmanager.dll
0x00007ffc2eb90000 - 0x00007ffc2ecda000 	C:\WINDOWS\SYSTEM32\textinputframework.dll
0x00007ffc3bdf0000 - 0x00007ffc3be08000 	C:\Program Files\Java\jdk-21\bin\zip.dll

dbghelp: loaded successfully - version: 4.0.5 - missing functions: none
symbol engine: initialized successfully - sym options: 0x614 - pdb path: .;C:\Program Files\Java\jdk-21\bin;C:\WINDOWS\SYSTEM32;C:\WINDOWS\WinSxS\amd64_microsoft.windows.common-controls_6595b64144ccf1df_6.0.22621.2506_none_270c5ae97388e100;C:\Program Files\Java\jdk-21\bin\server

VM Arguments:
java_command: Main
java_class_path (initial): bin
Launcher Type: SUN_STANDARD

[Global flags]
     intx CICompilerCount                          = 4                                         {product} {ergonomic}
     uint ConcGCThreads                            = 2                                         {product} {ergonomic}
     uint G1ConcRefinementThreads                  = 8                                         {product} {ergonomic}
   size_t G1HeapRegionSize                         = 2097152                                   {product} {ergonomic}
    uintx GCDrainStackTargetSize                   = 64                                        {product} {ergonomic}
   size_t InitialHeapSize                          = 199229440                                 {product} {ergonomic}
   size_t MarkStackSize                            = 4194304                                   {product} {ergonomic}
   size_t MaxHeapSize                              = 3179282432                                {product} {ergonomic}
   size_t MaxNewSize                               = 1906311168                                {product} {ergonomic}
   size_t MinHeapDeltaBytes                        = 2097152                                   {product} {ergonomic}
   size_t MinHeapSize                              = 8388608                                   {product} {ergonomic}
    uintx NonNMethodCodeHeapSize                   = 5839372                                {pd product} {ergonomic}
    uintx NonProfiledCodeHeapSize                  = 122909434                              {pd product} {ergonomic}
    uintx ProfiledCodeHeapSize                     = 122909434                              {pd product} {ergonomic}
    uintx ReservedCodeCacheSize                    = 251658240                              {pd product} {ergonomic}
     bool SegmentedCodeCache                       = true                                      {product} {ergonomic}
   size_t SoftMaxHeapSize                          = 3179282432                             {manageable} {ergonomic}
     bool UseCompressedOops                        = true                           {product lp64_product} {ergonomic}
     bool UseG1GC                                  = true                                      {product} {ergonomic}
     bool UseLargePagesIndividualAllocation        = false                                  {pd product} {ergonomic}

Logging:
Log output configuration:
 #0: stdout all=warning uptime,level,tags foldmultilines=false
 #1: stderr all=off uptime,level,tags foldmultilines=false

Environment Variables:
JAVA_HOME=C:\Program Files\Java\jdk-21
PATH=C:\Program Files\Common Files\Oracle\Java\javapath;C:\Program Files\Python310\Scripts\;C:\Program Files\Python310\;C:\WINDOWS\system32;C:\WINDOWS;C:\WINDOWS\System32\Wbem;C:\WINDOWS\System32\WindowsPowerShell\v1.0\;C:\WINDOWS\System32\OpenSSH\;C:\Users\asus\AppData\Local\Microsoft\WindowsApps;C:\adb;C:\Users\asus\AppData\Local\Programs\Python\Python310;C:\Users\asus\AppData\Local\Programs\Python\Python310\Scripts;C:\WINDOWS\system32;C:\WINDOWS;C:\WINDOWS\System32\Wbem;C:\WINDOWS\System32\WindowsPowerShell\v1.0\;C:\WINDOWS\System32\OpenSSH\;C:\Program Files\Git\cmd;C:\Program Files\MySQL\MySQL Server 8.0\bin;C:\Program Files\Java\jdk-21\bin;C:\Program Files\PostgreSQL\16\bin;C:\cygwin64\bin;C:\Users\asus\AppData\Local\Programs\Microsoft VS Code\bin;C:\Users\asus\AppData\Local\Microsoft\WindowsApps;C:\ghcup\bin;C:\Program Files\mingw64\bin
USERNAME=asus
OS=Windows_NT
PROCESSOR_IDENTIFIER=Intel64 Family 6 Model 142 Stepping 12, GenuineIntel
TMP=C:\Users\asus\AppData\Local\Temp
TEMP=C:\Users\asus\AppData\Local\Temp




Periodic native trim disabled

---------------  S Y S T E M  ---------------

OS:
 Windows 11 , 64 bit Build 22621 (10.0.22621.2506)
OS uptime: 2 days 16:06 hours
Hyper-V role detected

CPU: total 8 (initial active 8) (4 cores per cpu, 2 threads per core) family 6 model 142 stepping 12 microcode 0xde, cx8, cmov, fxsr, ht, mmx, 3dnowpref, sse, sse2, sse3, ssse3, sse4.1, sse4.2, popcnt, lzcnt, tsc, tscinvbit, avx, avx2, aes, erms, clmul, bmi1, bmi2, adx, fma, vzeroupper, clflush, clflushopt, hv, rdtscp, f16c
Processor Information for processor 0
  Max Mhz: 2101, Current Mhz: 2101, Mhz Limit: 2101
Processor Information for processor 1
  Max Mhz: 2101, Current Mhz: 2101, Mhz Limit: 2101
Processor Information for processor 2
  Max Mhz: 2101, Current Mhz: 1500, Mhz Limit: 2101
Processor Information for processor 3
  Max Mhz: 2101, Current Mhz: 2101, Mhz Limit: 2101
Processor Information for processor 4
  Max Mhz: 2101, Current Mhz: 2101, Mhz Limit: 2101
Processor Information for processor 5
  Max Mhz: 2101, Current Mhz: 2101, Mhz Limit: 2101
Processor Information for processor 6
  Max Mhz: 2101, Current Mhz: 1500, Mhz Limit: 2101
Processor Information for processor 7
  Max Mhz: 2101, Current Mhz: 2101, Mhz Limit: 2101

Memory: 4k page, system-wide physical 12124M (2354M free)
TotalPageFile size 14172M (AvailPageFile size 12M)
current process WorkingSet (physical memory assigned to process): 71M, peak: 71M
current process commit charge ("private bytes"): 289M, peak: 289M

vm_info: Java HotSpot(TM) 64-Bit Server VM (21.0.2+13-LTS-58) for windows-amd64 JRE (21.0.2+13-LTS-58), built on 2024-01-05T18:32:24Z by "mach5one" with MS VC++ 17.1 (VS2022)

END.
