#
# There is insufficient memory for the Java Runtime Environment to continue.
# Native memory allocation (mmap) failed to map 65536 bytes for Failed to commit metaspace.
# Possible reasons:
#   The system is out of physical RAM or swap space
#   The process is running with CompressedOops enabled, and the Java Heap may be blocking the growth of the native heap
# Possible solutions:
#   Reduce memory load on the system
#   Increase physical memory or swap space
#   Check if swap backing store is full
#   Decrease Java heap size (-Xmx/-Xms)
#   Decrease number of Java threads
#   Decrease Java thread stack sizes (-Xss)
#   Set larger code cache with -XX:ReservedCodeCacheSize=
#   JVM is running with Unscaled Compressed Oops mode in which the Java heap is
#     placed in the first 4GB address space. The Java Heap base address is the
#     maximum limit for the native heap growth. Please use -XX:HeapBaseMinAddress
#     to set the Java Heap base and to place the Java Heap above 4GB virtual address.
# This output file may be truncated or incomplete.
#
#  Out of Memory Error (virtualSpaceNode.cpp:110), pid=22408, tid=16000
#
# JRE version: OpenJDK Runtime Environment Temurin-17.0.10+7 (17.0.10+7) (build 17.0.10+7)
# Java VM: OpenJDK 64-Bit Server VM Temurin-17.0.10+7 (17.0.10+7, mixed mode, tiered, compressed oops, compressed class ptrs, parallel gc, windows-amd64)
# No core dump will be written. Minidumps are not enabled by default on client versions of Windows
#

---------------  S U M M A R Y ------------

Command Line: --add-modules=ALL-SYSTEM --add-opens=java.base/java.util=ALL-UNNAMED --add-opens=java.base/java.lang=ALL-UNNAMED --add-opens=java.base/sun.nio.fs=ALL-UNNAMED -Declipse.application=org.eclipse.jdt.ls.core.id1 -Dosgi.bundles.defaultStartLevel=4 -Declipse.product=org.eclipse.jdt.ls.core.product -Djava.import.generatesMetadataFilesAtProjectRoot=false -DDetectVMInstallationsJob.disabled=true -Dfile.encoding=utf8 -XX:+UseParallelGC -XX:GCTimeRatio=4 -XX:AdaptiveSizePolicyWeight=90 -Dsun.zip.disableMemoryMapping=true -Xmx1G -Xms100m -Xlog:disable -javaagent:c:\Users\asus\.vscode\extensions\redhat.java-1.30.0-win32-x64\lombok\lombok-1.18.32.jar c:\Users\asus\.vscode\extensions\redhat.java-1.30.0-win32-x64\server\plugins\org.eclipse.equinox.launcher_1.6.800.v20240330-1250.jar -configuration c:\Users\asus\AppData\Roaming\Code\User\globalStorage\redhat.java\1.30.0\config_ss_win -data c:\Users\asus\AppData\Roaming\Code\User\workspaceStorage\8bb4935694b1e4ef1b1afca47bc8e95a\redhat.java\ss_ws --pipe=\\.\pipe\lsp-616e0d398ffd37d2faa843b90010086a-sock

Host: Intel(R) Core(TM) i5-10210U CPU @ 1.60GHz, 8 cores, 11G,  Windows 11 , 64 bit Build 22621 (10.0.22621.2506)
Time: Fri May  3 16:04:36 2024 SE Asia Standard Time elapsed time: 6.226702 seconds (0d 0h 0m 6s)

---------------  T H R E A D  ---------------

Current thread (0x0000023646ec8cf0):  JavaThread "main" [_thread_in_vm, id=16000, stack(0x000000ddac400000,0x000000ddac500000)]

Stack: [0x000000ddac400000,0x000000ddac500000]
Native frames: (J=compiled Java code, j=interpreted, Vv=VM code, C=native code)
V  [jvm.dll+0x67d2c9]
V  [jvm.dll+0x834afa]
V  [jvm.dll+0x8365be]
V  [jvm.dll+0x836c23]
V  [jvm.dll+0x2477ff]
V  [jvm.dll+0x8307bb]
V  [jvm.dll+0x621d16]
V  [jvm.dll+0x621d7a]
V  [jvm.dll+0x6245aa]
V  [jvm.dll+0x6226b6]
V  [jvm.dll+0x23bd4f]
V  [jvm.dll+0x62c565]
V  [jvm.dll+0x1eb80b]
V  [jvm.dll+0x1ebd45]
V  [jvm.dll+0x1ec800]
V  [jvm.dll+0x1e1c01]
V  [jvm.dll+0x5427ce]
V  [jvm.dll+0x1f2647]
V  [jvm.dll+0x7adf9b]
V  [jvm.dll+0x7af36c]
V  [jvm.dll+0x7af6b8]
V  [jvm.dll+0x23face]
V  [jvm.dll+0x23fd1f]
V  [jvm.dll+0x560aa8]
V  [jvm.dll+0x5639a7]
V  [jvm.dll+0x386672]
V  [jvm.dll+0x385cdf]
C  0x00000236510a9ca3

The last pc belongs to invokestatic (printed below).
Java frames: (J=compiled Java code, j=interpreted, Vv=VM code)
j  sun.security.provider.SunEntries.addWithAlias(Ljava/security/Provider;Ljava/lang/String;Ljava/lang/String;Ljava/lang/String;Ljava/util/HashMap;)V+14 java.base@17.0.10
j  sun.security.provider.SunEntries.<init>(Ljava/security/Provider;)V+166 java.base@17.0.10
j  sun.security.provider.Sun.<init>()V+18 java.base@17.0.10
j  sun.security.jca.ProviderConfig.getProvider()Ljava/security/Provider;+67 java.base@17.0.10
j  sun.security.jca.ProviderList.getProvider(I)Ljava/security/Provider;+6 java.base@17.0.10
j  sun.security.jca.ProviderList.getIndex(Ljava/lang/String;)I+13 java.base@17.0.10
j  sun.security.jca.ProviderList.getProviderConfig(Ljava/lang/String;)Lsun/security/jca/ProviderConfig;+2 java.base@17.0.10
j  sun.security.jca.ProviderList.getProvider(Ljava/lang/String;)Ljava/security/Provider;+2 java.base@17.0.10
j  sun.security.jca.Providers.startJarVerification()Ljava/lang/Object;+15 java.base@17.0.10
j  sun.security.util.SignatureFileVerifier.<init>(Ljava/util/ArrayList;Lsun/security/util/ManifestDigester;Ljava/lang/String;[B)V+28 java.base@17.0.10
j  java.util.jar.JarVerifier.processEntry(Lsun/security/util/ManifestEntryVerifier;)V+322 java.base@17.0.10
j  java.util.jar.JarVerifier.update(I[BIILsun/security/util/ManifestEntryVerifier;)V+39 java.base@17.0.10
j  java.util.jar.JarFile.initializeVerifier()V+163 java.base@17.0.10
j  java.util.jar.JarFile.ensureInitialization()V+41 java.base@17.0.10
j  java.util.jar.JavaUtilJarAccessImpl.ensureInitialization(Ljava/util/jar/JarFile;)V+1 java.base@17.0.10
j  jdk.internal.loader.URLClassPath$JarLoader$2.getManifest()Ljava/util/jar/Manifest;+10 java.base@17.0.10
j  jdk.internal.loader.BuiltinClassLoader.defineClass(Ljava/lang/String;Ljdk/internal/loader/Resource;)Ljava/lang/Class;+29 java.base@17.0.10
j  jdk.internal.loader.BuiltinClassLoader.findClassOnClassPathOrNull(Ljava/lang/String;)Ljava/lang/Class;+37 java.base@17.0.10
j  jdk.internal.loader.BuiltinClassLoader.loadClassOrNull(Ljava/lang/String;Z)Ljava/lang/Class;+111 java.base@17.0.10
j  jdk.internal.loader.BuiltinClassLoader.loadClass(Ljava/lang/String;Z)Ljava/lang/Class;+3 java.base@17.0.10
j  jdk.internal.loader.ClassLoaders$AppClassLoader.loadClass(Ljava/lang/String;Z)Ljava/lang/Class;+36 java.base@17.0.10
j  java.lang.ClassLoader.loadClass(Ljava/lang/String;)Ljava/lang/Class;+3 java.base@17.0.10
v  ~StubRoutines::call_stub
j  java.lang.Class.forName0(Ljava/lang/String;ZLjava/lang/ClassLoader;Ljava/lang/Class;)Ljava/lang/Class;+0 java.base@17.0.10
j  java.lang.Class.forName(Ljava/lang/String;ZLjava/lang/ClassLoader;)Ljava/lang/Class;+43 java.base@17.0.10
j  sun.launcher.LauncherHelper.loadMainClass(ILjava/lang/String;)Ljava/lang/Class;+95 java.base@17.0.10
j  sun.launcher.LauncherHelper.checkAndLoadMain(ZILjava/lang/String;)Ljava/lang/Class;+42 java.base@17.0.10
v  ~StubRoutines::call_stub
invokestatic  184 invokestatic  [0x00000236510a9c00, 0x00000236510a9ec0]  704 bytes
[MachCode]
  0x00000236510a9c00: 4883 ec08 | c5fa 1104 | 24eb 1f48 | 83ec 10c5 | fb11 0424 | eb14 4883 | ec10 4889 | 0424 48c7 
  0x00000236510a9c20: 4424 0800 | 0000 00eb | 0150 4c89 | 6dc0 410f | b755 0148 | 8b4d d0c1 | e202 8b5c | d120 c1eb 
  0x00000236510a9c40: 1081 e3ff | 0000 0081 | fbb8 0000 | 000f 84b6 | 0000 00bb | b800 0000 | e805 0000 | 00e9 9b00 
  0x00000236510a9c60: 0000 488b | d348 8d44 | 2408 4c89 | 6dc0 498b | cfc5 f877 | 4989 afa8 | 0200 0049 | 8987 9802 
  0x00000236510a9c80: 0000 4883 | ec20 f7c4 | 0f00 0000 | 0f84 1a00 | 0000 4883 | ec08 49ba | 705c fc91 | fb7f 0000 
  0x00000236510a9ca0: 41ff d248 | 83c4 08e9 | 0d00 0000 | 49ba 705c | fc91 fb7f | 0000 41ff | d248 83c4 | 2049 c787 
  0x00000236510a9cc0: 9802 0000 | 0000 0000 | 49c7 87a8 | 0200 0000 | 0000 0049 | c787 a002 | 0000 0000 | 0000 c5f8 
  0x00000236510a9ce0: 7749 817f | 0800 0000 | 000f 8405 | 0000 00e9 | 0c72 feff | 4c8b 6dc0 | 4c8b 75c8 | c341 0fb7 
  0x00000236510a9d00: 5501 488b | 4dd0 c1e2 | 0248 8b5c | d128 488b | 5b08 488b | 5b08 488b | 5b18 80bb | 3301 0000 
  0x00000236510a9d20: 040f 840d | 0000 004c | 3bbb 3801 | 0000 0f85 | 1fff ffff | 488b 5cd1 | 288b 54d1 | 38c1 ea1c 
  0x00000236510a9d40: 49ba a060 | 7e92 fb7f | 0000 498b | 14d2 5248 | 8b45 d848 | 85c0 0f84 | 1200 0000 | 4883 4008 
  0x00000236510a9d60: 0148 8358 | 0800 4883 | c010 4889 | 45d8 488b | 45d8 4885 | c00f 8423 | 0100 0080 | 78f0 0a0f 
  0x00000236510a9d80: 8519 0100 | 0048 83c0 | 084c 8b68 | f841 83ed | 0041 83fd | 020f 8cf8 | 0000 004c | 8b6b 0845 
  0x00000236510a9da0: 0fb7 6d2c | 4c2b 2841 | 83ed 014e | 8b6c ec08 | 4d85 ed75 | 0748 8348 | 0801 eb4a | 458b 6d08 
  0x00000236510a9dc0: 49c1 e503 | 4c33 6808 | 49f7 c5fc | ffff ff74 | 3549 f7c5 | 0200 0000 | 752c 4881 | 7808 0000 
  0x00000236510a9de0: 0000 741e | 4881 7808 | 0100 0000 | 7414 4c33 | 6808 49f7 | c5fc ffff | ff74 0b48 | 8348 0802 
  0x00000236510a9e00: eb04 4c89 | 6808 4883 | c010 4c8b | 68e8 4183 | ed02 4183 | fd02 0f8c | 7700 0000 | 4c8b 6b08 
  0x00000236510a9e20: 450f b76d | 2c4c 2b28 | 4183 ed01 | 4e8b 6cec | 084d 85ed | 7507 4883 | 4808 01eb | 4a45 8b6d 
  0x00000236510a9e40: 0849 c1e5 | 034c 3368 | 0849 f7c5 | fcff ffff | 7435 49f7 | c502 0000 | 0075 2c48 | 8178 0800 
  0x00000236510a9e60: 0000 0074 | 1e48 8178 | 0801 0000 | 0074 144c | 3368 0849 | f7c5 fcff | ffff 740b | 4883 4808 
  0x00000236510a9e80: 02eb 044c | 8968 0848 | 83c0 104c | 8b68 d841 | 83ed 0441 | c1e5 0349 | 03c5 4889 | 45d8 4c8d 
  0x00000236510a9ea0: 6c24 084c | 896d f0ff | 6350 660f | 1f44 0000 | 0000 0000 | 0000 0000 | 0000 0000 | 0000 0000 
[/MachCode]

---------------  P R O C E S S  ---------------

Threads class SMR info:
_java_thread_list=0x000002366039c4c0, length=13, elements={
0x0000023646ec8cf0, 0x000002365ad58ea0, 0x000002365ad59f10, 0x000002366004d330,
0x000002366004dd00, 0x000002366004e7d0, 0x00000236600511b0, 0x0000023660051e60,
0x00000236600b0310, 0x00000236600b6420, 0x0000023646f2ac30, 0x0000023660373310,
0x0000023660378130
}

Java Threads: ( => current thread )
=>0x0000023646ec8cf0 JavaThread "main" [_thread_in_vm, id=16000, stack(0x000000ddac400000,0x000000ddac500000)]
  0x000002365ad58ea0 JavaThread "Reference Handler" daemon [_thread_blocked, id=18264, stack(0x000000ddac700000,0x000000ddac800000)]
  0x000002365ad59f10 JavaThread "Finalizer" daemon [_thread_blocked, id=16224, stack(0x000000ddac800000,0x000000ddac900000)]
  0x000002366004d330 JavaThread "Signal Dispatcher" daemon [_thread_blocked, id=5420, stack(0x000000ddac900000,0x000000ddaca00000)]
  0x000002366004dd00 JavaThread "Attach Listener" daemon [_thread_blocked, id=21600, stack(0x000000ddaca00000,0x000000ddacb00000)]
  0x000002366004e7d0 JavaThread "Service Thread" daemon [_thread_blocked, id=6108, stack(0x000000ddacb00000,0x000000ddacc00000)]
  0x00000236600511b0 JavaThread "Monitor Deflation Thread" daemon [_thread_blocked, id=10308, stack(0x000000ddacc00000,0x000000ddacd00000)]
  0x0000023660051e60 JavaThread "C2 CompilerThread0" daemon [_thread_blocked, id=14332, stack(0x000000ddacd00000,0x000000ddace00000)]
  0x00000236600b0310 JavaThread "C1 CompilerThread0" daemon [_thread_blocked, id=4952, stack(0x000000ddace00000,0x000000ddacf00000)]
  0x00000236600b6420 JavaThread "Sweeper thread" daemon [_thread_blocked, id=23140, stack(0x000000ddacf00000,0x000000ddad000000)]
  0x0000023646f2ac30 JavaThread "Common-Cleaner" daemon [_thread_blocked, id=18012, stack(0x000000ddad000000,0x000000ddad100000)]
  0x0000023660373310 JavaThread "Notification Thread" daemon [_thread_blocked, id=22832, stack(0x000000ddad100000,0x000000ddad200000)]
  0x0000023660378130 JavaThread "C2 CompilerThread1" daemon [_thread_blocked, id=3492, stack(0x000000ddad300000,0x000000ddad400000)]

Other Threads:
  0x0000023646f7e5f0 VMThread "VM Thread" [stack: 0x000000ddac600000,0x000000ddac700000] [id=23220]
  0x00000236603737f0 WatcherThread [stack: 0x000000ddad200000,0x000000ddad300000] [id=5600]
  0x0000023646ede7e0 GCTaskThread "GC Thread#0" [stack: 0x000000ddac500000,0x000000ddac600000] [id=2596]

Threads with active compile tasks:

VM state: not at safepoint (normal execution)

VM Mutex/Monitor currently owned by a thread:  ([mutex/lock_event])
[0x0000023646ec4160] Metaspace_lock - owner thread: 0x0000023646ec8cf0

Heap address: 0x00000000c0000000, size: 1024 MB, Compressed Oops mode: 32-bit

CDS archive(s) not mapped
Compressed class space mapped at: 0x0000000100000000-0x0000000140000000, reserved size: 1073741824
Narrow klass base: 0x0000000000000000, Narrow klass shift: 3, Narrow klass range: 0x140000000

GC Precious Log:
 CPUs: 8 total, 8 available
 Memory: 12124M
 Large Page Support: Disabled
 NUMA Support: Disabled
 Compressed Oops: Enabled (32-bit)
 Alignments: Space 512K, Generation 512K, Heap 2M
 Heap Min Capacity: 100M
 Heap Initial Capacity: 100M
 Heap Max Capacity: 1G
 Pre-touch: Disabled
 Parallel Workers: 8

Heap:
 PSYoungGen      total 29696K, used 8729K [0x00000000eab00000, 0x00000000ecc00000, 0x0000000100000000)
  eden space 25600K, 34% used [0x00000000eab00000,0x00000000eb386460,0x00000000ec400000)
  from space 4096K, 0% used [0x00000000ec800000,0x00000000ec800000,0x00000000ecc00000)
  to   space 4096K, 0% used [0x00000000ec400000,0x00000000ec400000,0x00000000ec800000)
 ParOldGen       total 68608K, used 0K [0x00000000c0000000, 0x00000000c4300000, 0x00000000eab00000)
  object space 68608K, 0% used [0x00000000c0000000,0x00000000c0000000,0x00000000c4300000)
 Metaspace       used 6595K, committed 6720K, reserved 1114112K
  class space    used 645K, committed 704K, reserved 1048576K

Card table byte_map: [0x0000023646860000,0x0000023646a70000] _byte_map_base: 0x0000023646260000

Marking Bits: (ParMarkBitMap*) 0x00007ffb927dd7d0
 Begin Bits: [0x0000023658b60000, 0x0000023659b60000)
 End Bits:   [0x0000023659b60000, 0x000002365ab60000)

Polling page: 0x0000023644e40000

Metaspace:

Usage:
  Non-class:      5.81 MB used.
      Class:    645.27 KB used.
       Both:      6.44 MB used.

Virtual space:
  Non-class space:       64.00 MB reserved,       5.88 MB (  9%) committed,  1 nodes.
      Class space:        1.00 GB reserved,     704.00 KB ( <1%) committed,  1 nodes.
             Both:        1.06 GB reserved,       6.56 MB ( <1%) committed. 

Chunk freelists:
   Non-Class:  10.11 MB
       Class:  15.21 MB
        Both:  25.32 MB

MaxMetaspaceSize: unlimited
CompressedClassSpaceSize: 1.00 GB
Initial GC threshold: 21.00 MB
Current GC threshold: 21.00 MB
CDS: off
MetaspaceReclaimPolicy: balanced
 - commit_granule_bytes: 65536.
 - commit_granule_words: 8192.
 - virtual_space_node_default_size: 8388608.
 - enlarge_chunks_in_place: 1.
 - new_chunks_are_fully_committed: 0.
 - uncommit_free_chunks: 1.
 - use_allocation_guard: 0.
 - handle_deallocations: 1.


Internal statistics:

num_allocs_failed_limit: 0.
num_arena_births: 10.
num_arena_deaths: 0.
num_vsnodes_births: 2.
num_vsnodes_deaths: 0.
num_space_committed: 105.
num_space_uncommitted: 0.
num_chunks_returned_to_freelist: 0.
num_chunks_taken_from_freelist: 36.
num_chunk_merges: 0.
num_chunk_splits: 22.
num_chunks_enlarged: 21.
num_inconsistent_stats: 0.

CodeHeap 'non-profiled nmethods': size=120000Kb used=136Kb max_used=136Kb free=119864Kb
 bounds [0x0000023651630000, 0x00000236518a0000, 0x0000023658b60000]
CodeHeap 'profiled nmethods': size=120000Kb used=617Kb max_used=617Kb free=119382Kb
 bounds [0x0000023649b60000, 0x0000023649dd0000, 0x0000023651090000]
CodeHeap 'non-nmethods': size=5760Kb used=1099Kb max_used=1115Kb free=4660Kb
 bounds [0x0000023651090000, 0x0000023651300000, 0x0000023651630000]
 total_blobs=825 nmethods=445 adapters=295
 compilation: enabled
              stopped_count=0, restarted_count=0
 full_count=0

Compilation events (20 events):
Event: 6.189 Thread 0x00000236600b0310  442       3       java.lang.Class::getPackageName (81 bytes)
Event: 6.190 Thread 0x0000023660051e60 nmethod 406% 0x000002365164ea90 code [0x000002365164ec40, 0x000002365164f818]
Event: 6.190 Thread 0x0000023660051e60  414       4       java.lang.String::isLatin1 (19 bytes)
Event: 6.191 Thread 0x0000023660051e60 nmethod 414 0x000002365164ff90 code [0x0000023651650100, 0x0000023651650198]
Event: 6.191 Thread 0x0000023660051e60  434       4       java.lang.StringLatin1::charAt (28 bytes)
Event: 6.191 Thread 0x00000236600b0310 nmethod 442 0x0000023649bf7990 code [0x0000023649bf7c20, 0x0000023649bf8688]
Event: 6.191 Thread 0x00000236600b0310  443       3       java.lang.invoke.MethodType::equals (56 bytes)
Event: 6.192 Thread 0x00000236600b0310 nmethod 443 0x0000023649bf8a90 code [0x0000023649bf8cc0, 0x0000023649bf97b8]
Event: 6.192 Thread 0x0000023660051e60 nmethod 434 0x0000023651650290 code [0x0000023651650400, 0x0000023651650498]
Event: 6.192 Thread 0x0000023660051e60  426       4       java.lang.String::indexOf (29 bytes)
Event: 6.193 Thread 0x0000023660051e60 nmethod 426 0x0000023651650590 code [0x0000023651650720, 0x0000023651650958]
Event: 6.193 Thread 0x0000023660051e60  441       4       java.lang.CharacterDataLatin1::getProperties (11 bytes)
Event: 6.194 Thread 0x0000023660051e60 nmethod 441 0x0000023651650b10 code [0x0000023651650c80, 0x0000023651650d18]
Event: 6.194 Thread 0x0000023660051e60  431       4       java.lang.String::toString (2 bytes)
Event: 6.194 Thread 0x0000023660051e60 nmethod 431 0x0000023651650e10 code [0x0000023651650f80, 0x0000023651650ff8]
Event: 6.197 Thread 0x0000023660378130 nmethod 417 0x0000023651651110 code [0x00000236516512c0, 0x00000236516517a8]
Event: 6.215 Thread 0x00000236600b0310  444       3       lombok.patcher.scripts.AddFieldScript::patch (55 bytes)
Event: 6.216 Thread 0x00000236600b0310 nmethod 444 0x0000023649bf9990 code [0x0000023649bf9bc0, 0x0000023649bfa318]
Event: 6.218 Thread 0x0000023660051e60  445       4       java.util.HashMap$HashIterator::nextNode (100 bytes)
Event: 6.224 Thread 0x0000023660051e60 nmethod 445 0x0000023651651a90 code [0x0000023651651c20, 0x0000023651651e98]

GC Heap History (0 events):
No events

Dll operation events (8 events):
Event: 0.018 Loaded shared library c:\Users\asus\.vscode\extensions\redhat.java-1.30.0-win32-x64\jre\17.0.10-win32-x86_64\bin\java.dll
Event: 4.351 Loaded shared library c:\Users\asus\.vscode\extensions\redhat.java-1.30.0-win32-x64\jre\17.0.10-win32-x86_64\bin\zip.dll
Event: 4.675 Loaded shared library C:\Users\asus\.vscode\extensions\redhat.java-1.30.0-win32-x64\jre\17.0.10-win32-x86_64\bin\instrument.dll
Event: 5.175 Loaded shared library C:\Users\asus\.vscode\extensions\redhat.java-1.30.0-win32-x64\jre\17.0.10-win32-x86_64\bin\net.dll
Event: 5.203 Loaded shared library C:\Users\asus\.vscode\extensions\redhat.java-1.30.0-win32-x64\jre\17.0.10-win32-x86_64\bin\nio.dll
Event: 5.488 Loaded shared library C:\Users\asus\.vscode\extensions\redhat.java-1.30.0-win32-x64\jre\17.0.10-win32-x86_64\bin\zip.dll
Event: 5.611 Loaded shared library C:\Users\asus\.vscode\extensions\redhat.java-1.30.0-win32-x64\jre\17.0.10-win32-x86_64\bin\jimage.dll
Event: 5.852 Loaded shared library c:\Users\asus\.vscode\extensions\redhat.java-1.30.0-win32-x64\jre\17.0.10-win32-x86_64\bin\verify.dll

Deoptimization events (20 events):
Event: 5.850 Thread 0x0000023646ec8cf0 Uncommon trap: trap_request=0xffffff45 fr.pc=0x0000023651645cdc relative=0x000000000000051c
Event: 5.850 Thread 0x0000023646ec8cf0 Uncommon trap: reason=unstable_if action=reinterpret pc=0x0000023651645cdc method=java.lang.String.<init>([CIILjava/lang/Void;)V @ 5 c2
Event: 5.850 Thread 0x0000023646ec8cf0 DEOPT PACKING pc=0x0000023651645cdc sp=0x000000ddac4fcea0
Event: 5.850 Thread 0x0000023646ec8cf0 DEOPT UNPACKING pc=0x00000236510e66a3 sp=0x000000ddac4fcd30 mode 2
Event: 6.078 Thread 0x0000023646ec8cf0 DEOPT PACKING pc=0x0000023649bace22 sp=0x000000ddac4f8db0
Event: 6.078 Thread 0x0000023646ec8cf0 DEOPT UNPACKING pc=0x00000236510e6e43 sp=0x000000ddac4f8210 mode 0
Event: 6.169 Thread 0x0000023646ec8cf0 DEOPT PACKING pc=0x0000023649b7d580 sp=0x000000ddac4f9040
Event: 6.169 Thread 0x0000023646ec8cf0 DEOPT UNPACKING pc=0x00000236510e6e43 sp=0x000000ddac4f8500 mode 0
Event: 6.179 Thread 0x0000023646ec8cf0 Uncommon trap: trap_request=0xffffff45 fr.pc=0x000002365163ef78 relative=0x0000000000000078
Event: 6.179 Thread 0x0000023646ec8cf0 Uncommon trap: reason=unstable_if action=reinterpret pc=0x000002365163ef78 method=java.lang.String.isLatin1()Z @ 10 c2
Event: 6.179 Thread 0x0000023646ec8cf0 DEOPT PACKING pc=0x000002365163ef78 sp=0x000000ddac4ff1b0
Event: 6.179 Thread 0x0000023646ec8cf0 DEOPT UNPACKING pc=0x00000236510e66a3 sp=0x000000ddac4ff0f0 mode 2
Event: 6.180 Thread 0x0000023646ec8cf0 DEOPT PACKING pc=0x0000023649b7d580 sp=0x000000ddac4fdc30
Event: 6.180 Thread 0x0000023646ec8cf0 DEOPT UNPACKING pc=0x00000236510e6e43 sp=0x000000ddac4fd0f0 mode 0
Event: 6.188 Thread 0x0000023646ec8cf0 DEOPT PACKING pc=0x0000023649b7d580 sp=0x000000ddac4fcca0
Event: 6.188 Thread 0x0000023646ec8cf0 DEOPT UNPACKING pc=0x00000236510e6e43 sp=0x000000ddac4fc160 mode 0
Event: 6.194 Thread 0x0000023646ec8cf0 DEOPT PACKING pc=0x0000023649b7d580 sp=0x000000ddac4fb500
Event: 6.194 Thread 0x0000023646ec8cf0 DEOPT UNPACKING pc=0x00000236510e6e43 sp=0x000000ddac4fa9c0 mode 0
Event: 6.196 Thread 0x0000023646ec8cf0 DEOPT PACKING pc=0x0000023649b7d580 sp=0x000000ddac4fa860
Event: 6.196 Thread 0x0000023646ec8cf0 DEOPT UNPACKING pc=0x00000236510e6e43 sp=0x000000ddac4f9d20 mode 0

Classes unloaded (0 events):
No events

Classes redefined (0 events):
No events

Internal exceptions (2 events):
Event: 1.913 Thread 0x0000023646ec8cf0 Exception <a 'java/lang/NoSuchMethodError'{0x00000000eacb4f50}: 'void java.lang.invoke.DirectMethodHandle$Holder.invokeStatic(java.lang.Object, java.lang.Object, java.lang.Object)'> (0x00000000eacb4f50) 
thrown [s\src\hotspot\share\interpreter\linkResolver.cpp, line 759]
Event: 5.898 Thread 0x0000023646ec8cf0 Exception <a 'java/lang/reflect/InvocationTargetException'{0x00000000eafe72c0}> (0x00000000eafe72c0) 
thrown [s\src\hotspot\share\runtime\reflection.cpp, line 1121]

VM Operations (10 events):
Event: 1.249 Executing VM operation: Cleanup
Event: 1.297 Executing VM operation: Cleanup done
Event: 2.843 Executing VM operation: HandshakeAllThreads
Event: 2.844 Executing VM operation: HandshakeAllThreads done
Event: 2.844 Executing VM operation: Cleanup
Event: 2.844 Executing VM operation: Cleanup done
Event: 4.847 Executing VM operation: Cleanup
Event: 4.868 Executing VM operation: Cleanup done
Event: 5.644 Executing VM operation: HandshakeAllThreads
Event: 5.645 Executing VM operation: HandshakeAllThreads done

Events (20 events):
Event: 6.212 loading class java/net/NetPermission done
Event: 6.212 loading class java/security/SecurityPermission
Event: 6.212 loading class java/security/SecurityPermission done
Event: 6.212 loading class java/net/SocketPermission
Event: 6.213 loading class java/net/SocketPermission done
Event: 6.214 loading class sun/security/provider/SunEntries
Event: 6.215 loading class sun/security/provider/SunEntries done
Event: 6.215 loading class sun/security/provider/SunEntries$1
Event: 6.215 loading class sun/security/provider/SunEntries$1 done
Event: 6.216 loading class sun/security/provider/NativePRNG
Event: 6.216 loading class sun/security/provider/NativePRNG done
Event: 6.216 loading class sun/security/provider/NativePRNG$Blocking
Event: 6.217 loading class sun/security/provider/NativePRNG$Blocking done
Event: 6.217 loading class sun/security/provider/NativePRNG$NonBlocking
Event: 6.217 loading class sun/security/provider/NativePRNG$NonBlocking done
Event: 6.217 loading class java/security/Provider$Service
Event: 6.218 loading class java/security/Provider$Service done
Event: 6.218 loading class java/security/Provider$UString
Event: 6.218 loading class java/security/Provider$UString done
Event: 6.218 loading class sun/security/util/SecurityProviderConstants


Dynamic libraries:
0x00007ff60ed20000 - 0x00007ff60ed2e000 	c:\Users\asus\.vscode\extensions\redhat.java-1.30.0-win32-x64\jre\17.0.10-win32-x86_64\bin\java.exe
0x00007ffc44c90000 - 0x00007ffc44ea7000 	C:\WINDOWS\SYSTEM32\ntdll.dll
0x00007ffc441a0000 - 0x00007ffc44264000 	C:\WINDOWS\System32\KERNEL32.DLL
0x00007ffc423e0000 - 0x00007ffc42786000 	C:\WINDOWS\System32\KERNELBASE.dll
0x00007ffc428c0000 - 0x00007ffc429d1000 	C:\WINDOWS\System32\ucrtbase.dll
0x00007ffc2b0a0000 - 0x00007ffc2b0b7000 	c:\Users\asus\.vscode\extensions\redhat.java-1.30.0-win32-x64\jre\17.0.10-win32-x86_64\bin\jli.dll
0x00007ffc42d10000 - 0x00007ffc42ebe000 	C:\WINDOWS\System32\USER32.dll
0x00007ffc423b0000 - 0x00007ffc423d6000 	C:\WINDOWS\System32\win32u.dll
0x00007ffc43ce0000 - 0x00007ffc43d09000 	C:\WINDOWS\System32\GDI32.dll
0x00007ffc42000000 - 0x00007ffc42118000 	C:\WINDOWS\System32\gdi32full.dll
0x00007ffc42310000 - 0x00007ffc423aa000 	C:\WINDOWS\System32\msvcp_win.dll
0x00007ffc2afa0000 - 0x00007ffc2afbb000 	c:\Users\asus\.vscode\extensions\redhat.java-1.30.0-win32-x64\jre\17.0.10-win32-x86_64\bin\VCRUNTIME140.dll
0x00007ffc2c520000 - 0x00007ffc2c7b3000 	C:\WINDOWS\WinSxS\amd64_microsoft.windows.common-controls_6595b64144ccf1df_6.0.22621.2506_none_270c5ae97388e100\COMCTL32.dll
0x00007ffc44640000 - 0x00007ffc446e7000 	C:\WINDOWS\System32\msvcrt.dll
0x00007ffc43360000 - 0x00007ffc43391000 	C:\WINDOWS\System32\IMM32.DLL
0x00007ffc3cfe0000 - 0x00007ffc3cfec000 	c:\Users\asus\.vscode\extensions\redhat.java-1.30.0-win32-x64\jre\17.0.10-win32-x86_64\bin\vcruntime140_1.dll
0x00007ffbfc490000 - 0x00007ffbfc51d000 	c:\Users\asus\.vscode\extensions\redhat.java-1.30.0-win32-x64\jre\17.0.10-win32-x86_64\bin\msvcp140.dll
0x00007ffb91c40000 - 0x00007ffb928a2000 	c:\Users\asus\.vscode\extensions\redhat.java-1.30.0-win32-x64\jre\17.0.10-win32-x86_64\bin\server\jvm.dll
0x00007ffc43c00000 - 0x00007ffc43cb1000 	C:\WINDOWS\System32\ADVAPI32.dll
0x00007ffc429e0000 - 0x00007ffc42a85000 	C:\WINDOWS\System32\sechost.dll
0x00007ffc44770000 - 0x00007ffc44887000 	C:\WINDOWS\System32\RPCRT4.dll
0x00007ffc41860000 - 0x00007ffc418ad000 	C:\WINDOWS\SYSTEM32\POWRPROF.dll
0x00007ffc13290000 - 0x00007ffc13299000 	C:\WINDOWS\SYSTEM32\WSOCK32.dll
0x00007ffc448a0000 - 0x00007ffc44911000 	C:\WINDOWS\System32\WS2_32.dll
0x00007ffc39bd0000 - 0x00007ffc39c04000 	C:\WINDOWS\SYSTEM32\WINMM.dll
0x00007ffc39680000 - 0x00007ffc3968a000 	C:\WINDOWS\SYSTEM32\VERSION.dll
0x00007ffc41840000 - 0x00007ffc41853000 	C:\WINDOWS\SYSTEM32\UMPDC.dll
0x00007ffc40fc0000 - 0x00007ffc40fd8000 	C:\WINDOWS\SYSTEM32\kernel.appcore.dll
0x00007ffc38400000 - 0x00007ffc3840a000 	c:\Users\asus\.vscode\extensions\redhat.java-1.30.0-win32-x64\jre\17.0.10-win32-x86_64\bin\jimage.dll
0x00007ffc3f930000 - 0x00007ffc3fb63000 	C:\WINDOWS\SYSTEM32\DBGHELP.DLL
0x00007ffc42ec0000 - 0x00007ffc43249000 	C:\WINDOWS\System32\combase.dll
0x00007ffc449d0000 - 0x00007ffc44aa7000 	C:\WINDOWS\System32\OLEAUT32.dll
0x00007ffc184a0000 - 0x00007ffc184d2000 	C:\WINDOWS\SYSTEM32\dbgcore.DLL
0x00007ffc42290000 - 0x00007ffc4230a000 	C:\WINDOWS\System32\bcryptPrimitives.dll
0x00007ffc31140000 - 0x00007ffc3114e000 	c:\Users\asus\.vscode\extensions\redhat.java-1.30.0-win32-x64\jre\17.0.10-win32-x86_64\bin\instrument.dll
0x00007ffc29930000 - 0x00007ffc29955000 	c:\Users\asus\.vscode\extensions\redhat.java-1.30.0-win32-x64\jre\17.0.10-win32-x86_64\bin\java.dll
0x00007ffc2af10000 - 0x00007ffc2af28000 	c:\Users\asus\.vscode\extensions\redhat.java-1.30.0-win32-x64\jre\17.0.10-win32-x86_64\bin\zip.dll
0x00007ffc433a0000 - 0x00007ffc43bfa000 	C:\WINDOWS\System32\SHELL32.dll
0x00007ffc3fed0000 - 0x00007ffc407c6000 	C:\WINDOWS\SYSTEM32\windows.storage.dll
0x00007ffc3fd90000 - 0x00007ffc3fece000 	C:\WINDOWS\SYSTEM32\wintypes.dll
0x00007ffc43250000 - 0x00007ffc43343000 	C:\WINDOWS\System32\SHCORE.dll
0x00007ffc442e0000 - 0x00007ffc4433e000 	C:\WINDOWS\System32\shlwapi.dll
0x00007ffc41f30000 - 0x00007ffc41f56000 	C:\WINDOWS\SYSTEM32\profapi.dll
0x00007ffc26400000 - 0x00007ffc26419000 	C:\Users\asus\.vscode\extensions\redhat.java-1.30.0-win32-x64\jre\17.0.10-win32-x86_64\bin\net.dll
0x00007ffc39a60000 - 0x00007ffc39b97000 	C:\WINDOWS\SYSTEM32\WINHTTP.dll
0x00007ffc41430000 - 0x00007ffc41499000 	C:\WINDOWS\system32\mswsock.dll
0x00007ffc25fa0000 - 0x00007ffc25fb6000 	C:\Users\asus\.vscode\extensions\redhat.java-1.30.0-win32-x64\jre\17.0.10-win32-x86_64\bin\nio.dll
0x00007ffc2e910000 - 0x00007ffc2e920000 	c:\Users\asus\.vscode\extensions\redhat.java-1.30.0-win32-x64\jre\17.0.10-win32-x86_64\bin\verify.dll

dbghelp: loaded successfully - version: 4.0.5 - missing functions: none
symbol engine: initialized successfully - sym options: 0x614 - pdb path: .;c:\Users\asus\.vscode\extensions\redhat.java-1.30.0-win32-x64\jre\17.0.10-win32-x86_64\bin;C:\WINDOWS\SYSTEM32;C:\WINDOWS\WinSxS\amd64_microsoft.windows.common-controls_6595b64144ccf1df_6.0.22621.2506_none_270c5ae97388e100;c:\Users\asus\.vscode\extensions\redhat.java-1.30.0-win32-x64\jre\17.0.10-win32-x86_64\bin\server

VM Arguments:
jvm_args: --add-modules=ALL-SYSTEM --add-opens=java.base/java.util=ALL-UNNAMED --add-opens=java.base/java.lang=ALL-UNNAMED --add-opens=java.base/sun.nio.fs=ALL-UNNAMED -Declipse.application=org.eclipse.jdt.ls.core.id1 -Dosgi.bundles.defaultStartLevel=4 -Declipse.product=org.eclipse.jdt.ls.core.product -Djava.import.generatesMetadataFilesAtProjectRoot=false -DDetectVMInstallationsJob.disabled=true -Dfile.encoding=utf8 -XX:+UseParallelGC -XX:GCTimeRatio=4 -XX:AdaptiveSizePolicyWeight=90 -Dsun.zip.disableMemoryMapping=true -Xmx1G -Xms100m -Xlog:disable -javaagent:c:\Users\asus\.vscode\extensions\redhat.java-1.30.0-win32-x64\lombok\lombok-1.18.32.jar 
java_command: c:\Users\asus\.vscode\extensions\redhat.java-1.30.0-win32-x64\server\plugins\org.eclipse.equinox.launcher_1.6.800.v20240330-1250.jar -configuration c:\Users\asus\AppData\Roaming\Code\User\globalStorage\redhat.java\1.30.0\config_ss_win -data c:\Users\asus\AppData\Roaming\Code\User\workspaceStorage\8bb4935694b1e4ef1b1afca47bc8e95a\redhat.java\ss_ws --pipe=\\.\pipe\lsp-616e0d398ffd37d2faa843b90010086a-sock
java_class_path (initial): c:\Users\asus\.vscode\extensions\redhat.java-1.30.0-win32-x64\server\plugins\org.eclipse.equinox.launcher_1.6.800.v20240330-1250.jar
Launcher Type: SUN_STANDARD

[Global flags]
    uintx AdaptiveSizePolicyWeight                 = 90                                        {product} {command line}
     intx CICompilerCount                          = 4                                         {product} {ergonomic}
    uintx GCTimeRatio                              = 4                                         {product} {command line}
   size_t InitialHeapSize                          = 104857600                                 {product} {command line}
   size_t MaxHeapSize                              = 1073741824                                {product} {command line}
   size_t MaxNewSize                               = 357564416                                 {product} {ergonomic}
   size_t MinHeapDeltaBytes                        = 524288                                    {product} {ergonomic}
   size_t MinHeapSize                              = 104857600                                 {product} {command line}
   size_t NewSize                                  = 34603008                                  {product} {ergonomic}
    uintx NonNMethodCodeHeapSize                   = 5839372                                {pd product} {ergonomic}
    uintx NonProfiledCodeHeapSize                  = 122909434                              {pd product} {ergonomic}
   size_t OldSize                                  = 70254592                                  {product} {ergonomic}
    uintx ProfiledCodeHeapSize                     = 122909434                              {pd product} {ergonomic}
    uintx ReservedCodeCacheSize                    = 251658240                              {pd product} {ergonomic}
     bool SegmentedCodeCache                       = true                                      {product} {ergonomic}
   size_t SoftMaxHeapSize                          = 1073741824                             {manageable} {ergonomic}
     bool UseCompressedClassPointers               = true                           {product lp64_product} {ergonomic}
     bool UseCompressedOops                        = true                           {product lp64_product} {ergonomic}
     bool UseLargePagesIndividualAllocation        = false                                  {pd product} {ergonomic}
     bool UseParallelGC                            = true                                      {product} {command line}

Logging:
Log output configuration:
 #0: stdout all=off uptime,level,tags
 #1: stderr all=off uptime,level,tags

Environment Variables:
JAVA_HOME=C:\Program Files\Java\jdk-21
PATH=C:\Program Files\Common Files\Oracle\Java\javapath;C:\Program Files\Python310\Scripts\;C:\Program Files\Python310\;C:\WINDOWS\system32;C:\WINDOWS;C:\WINDOWS\System32\Wbem;C:\WINDOWS\System32\WindowsPowerShell\v1.0\;C:\WINDOWS\System32\OpenSSH\;C:\Users\asus\AppData\Local\Microsoft\WindowsApps;C:\adb;C:\Users\asus\AppData\Local\Programs\Python\Python310;C:\Users\asus\AppData\Local\Programs\Python\Python310\Scripts;C:\WINDOWS\system32;C:\WINDOWS;C:\WINDOWS\System32\Wbem;C:\WINDOWS\System32\WindowsPowerShell\v1.0\;C:\WINDOWS\System32\OpenSSH\;C:\Program Files\Git\cmd;C:\Program Files\MySQL\MySQL Server 8.0\bin;C:\Program Files\Java\jdk-21\bin;C:\Program Files\PostgreSQL\16\bin;C:\cygwin64\bin;C:\Users\asus\AppData\Local\Programs\Microsoft VS Code\bin;C:\Users\asus\AppData\Local\Microsoft\WindowsApps;C:\ghcup\bin;C:\Program Files\mingw64\bin;C:\Users\asus\AppData\Local\GitHubDesktop\bin
USERNAME=asus
OS=Windows_NT
PROCESSOR_IDENTIFIER=Intel64 Family 6 Model 142 Stepping 12, GenuineIntel
TMP=C:\Users\asus\AppData\Local\Temp
TEMP=C:\Users\asus\AppData\Local\Temp



Periodic native trim disabled


---------------  S Y S T E M  ---------------

OS:
 Windows 11 , 64 bit Build 22621 (10.0.22621.2506)
OS uptime: 8 days 2:08 hours
Hyper-V role detected

CPU: total 8 (initial active 8) (4 cores per cpu, 2 threads per core) family 6 model 142 stepping 12 microcode 0xde, cx8, cmov, fxsr, ht, mmx, 3dnowpref, sse, sse2, sse3, ssse3, sse4.1, sse4.2, popcnt, lzcnt, tsc, tscinvbit, avx, avx2, aes, erms, clmul, bmi1, bmi2, adx, fma, vzeroupper, clflush, clflushopt, hv
Processor Information for all 8 processors :
  Max Mhz: 2101, Current Mhz: 1700, Mhz Limit: 1680

Memory: 4k page, system-wide physical 12124M (2569M free)
TotalPageFile size 14172M (AvailPageFile size 0M)
current process WorkingSet (physical memory assigned to process): 43M, peak: 43M
current process commit charge ("private bytes"): 188M, peak: 188M

vm_info: OpenJDK 64-Bit Server VM (17.0.10+7) for windows-amd64 JRE (17.0.10+7), built on Jan 16 2024 23:25:11 by "admin" with MS VC++ 16.10 / 16.11 (VS2019)

END.
