#
# There is insufficient memory for the Java Runtime Environment to continue.
# Native memory allocation (mmap) failed to map 65536 bytes for Failed to commit metaspace.
# Possible reasons:
#   The system is out of physical RAM or swap space
#   The process is running with CompressedOops enabled, and the Java Heap may be blocking the growth of the native heap
# Possible solutions:
#   Reduce memory load on the system
#   Increase physical memory or swap space
#   Check if swap backing store is full
#   Decrease Java heap size (-Xmx/-Xms)
#   Decrease number of Java threads
#   Decrease Java thread stack sizes (-Xss)
#   Set larger code cache with -XX:ReservedCodeCacheSize=
#   JVM is running with Unscaled Compressed Oops mode in which the Java heap is
#     placed in the first 4GB address space. The Java Heap base address is the
#     maximum limit for the native heap growth. Please use -XX:HeapBaseMinAddress
#     to set the Java Heap base and to place the Java Heap above 4GB virtual address.
# This output file may be truncated or incomplete.
#
#  Out of Memory Error (virtualSpaceNode.cpp:110), pid=19192, tid=19936
#
# JRE version: OpenJDK Runtime Environment Temurin-17.0.10+7 (17.0.10+7) (build 17.0.10+7)
# Java VM: OpenJDK 64-Bit Server VM Temurin-17.0.10+7 (17.0.10+7, mixed mode, tiered, compressed oops, compressed class ptrs, parallel gc, windows-amd64)
# No core dump will be written. Minidumps are not enabled by default on client versions of Windows
#

---------------  S U M M A R Y ------------

Command Line: --add-modules=ALL-SYSTEM --add-opens=java.base/java.util=ALL-UNNAMED --add-opens=java.base/java.lang=ALL-UNNAMED --add-opens=java.base/sun.nio.fs=ALL-UNNAMED -Declipse.application=org.eclipse.jdt.ls.core.id1 -Dosgi.bundles.defaultStartLevel=4 -Declipse.product=org.eclipse.jdt.ls.core.product -Djava.import.generatesMetadataFilesAtProjectRoot=false -DDetectVMInstallationsJob.disabled=true -Dfile.encoding=utf8 -XX:+UseParallelGC -XX:GCTimeRatio=4 -XX:AdaptiveSizePolicyWeight=90 -Dsun.zip.disableMemoryMapping=true -Xmx1G -Xms100m -Xlog:disable -javaagent:c:\Users\asus\.vscode\extensions\redhat.java-1.30.0-win32-x64\lombok\lombok-1.18.32.jar -XX:+HeapDumpOnOutOfMemoryError -XX:HeapDumpPath=c:\Users\asus\AppData\Roaming\Code\User\workspaceStorage\8bb4935694b1e4ef1b1afca47bc8e95a\redhat.java -Daether.dependencyCollector.impl=bf c:\Users\asus\.vscode\extensions\redhat.java-1.30.0-win32-x64\server\plugins\org.eclipse.equinox.launcher_1.6.800.v20240330-1250.jar -configuration c:\Users\asus\AppData\Roaming\Code\User\globalStorage\redhat.java\1.30.0\config_win -data c:\Users\asus\AppData\Roaming\Code\User\workspaceStorage\8bb4935694b1e4ef1b1afca47bc8e95a\redhat.java\jdt_ws --pipe=\\.\pipe\lsp-122c1832f531b38d2887505a061aa924-sock

Host: Intel(R) Core(TM) i5-10210U CPU @ 1.60GHz, 8 cores, 11G,  Windows 11 , 64 bit Build 22621 (10.0.22621.2506)
Time: Fri May  3 16:04:36 2024 SE Asia Standard Time elapsed time: 0.299360 seconds (0d 0h 0m 0s)

---------------  T H R E A D  ---------------

Current thread (0x000001e73a04ccb0):  JavaThread "main" [_thread_in_vm, id=19936, stack(0x0000007529300000,0x0000007529400000)]

Stack: [0x0000007529300000,0x0000007529400000]
Native frames: (J=compiled Java code, j=interpreted, Vv=VM code, C=native code)
V  [jvm.dll+0x67d2c9]
V  [jvm.dll+0x834afa]
V  [jvm.dll+0x8365be]
V  [jvm.dll+0x836c23]
V  [jvm.dll+0x2477ff]
V  [jvm.dll+0x8307bb]
V  [jvm.dll+0x621d16]
V  [jvm.dll+0x621d7a]
V  [jvm.dll+0x6245aa]
V  [jvm.dll+0x6226b6]
V  [jvm.dll+0x62c5a7]
V  [jvm.dll+0x1eb80b]
V  [jvm.dll+0x1ebd45]
V  [jvm.dll+0x1ec800]
V  [jvm.dll+0x1e1c01]
V  [jvm.dll+0x5427ce]
V  [jvm.dll+0x1f2647]
V  [jvm.dll+0x7adf9b]
V  [jvm.dll+0x7af36c]
V  [jvm.dll+0x7af6b8]
V  [jvm.dll+0x23face]
V  [jvm.dll+0x38260e]
C  0x000001e74422ae05

The last pc belongs to new (printed below).
Java frames: (J=compiled Java code, j=interpreted, Vv=VM code)
j  java.lang.invoke.MethodHandles$Lookup$ClassFile.newInstance([BLjava/lang/String;)Ljava/lang/invoke/MethodHandles$Lookup$ClassFile;+99 java.base@17.0.10
j  java.lang.invoke.MethodHandles$Lookup.makeHiddenClassDefiner([BLjava/util/Set;Z)Ljava/lang/invoke/MethodHandles$Lookup$ClassDefiner;+8 java.base@17.0.10
j  java.lang.invoke.MethodHandles$Lookup.defineHiddenClass([BZ[Ljava/lang/invoke/MethodHandles$Lookup$ClassOption;)Ljava/lang/invoke/MethodHandles$Lookup;+61 java.base@17.0.10
j  java.lang.invoke.InnerClassLambdaMetafactory.generateInnerClass()Ljava/lang/Class;+579 java.base@17.0.10
j  java.lang.invoke.InnerClassLambdaMetafactory.spinInnerClass()Ljava/lang/Class;+114 java.base@17.0.10
j  java.lang.invoke.InnerClassLambdaMetafactory.buildCallSite()Ljava/lang/invoke/CallSite;+1 java.base@17.0.10
j  java.lang.invoke.LambdaMetafactory.metafactory(Ljava/lang/invoke/MethodHandles$Lookup;Ljava/lang/String;Ljava/lang/invoke/MethodType;Ljava/lang/invoke/MethodType;Ljava/lang/invoke/MethodHandle;Ljava/lang/invoke/MethodType;)Ljava/lang/invoke/CallSite;+67 java.base@17.0.10
j  java.lang.invoke.DirectMethodHandle$Holder.invokeStatic(Ljava/lang/Object;Ljava/lang/Object;Ljava/lang/Object;Ljava/lang/Object;Ljava/lang/Object;Ljava/lang/Object;Ljava/lang/Object;)Ljava/lang/Object;+20 java.base@17.0.10
j  java.lang.invoke.Invokers$Holder.invokeExact_MT(Ljava/lang/Object;Ljava/lang/Object;Ljava/lang/Object;Ljava/lang/Object;Ljava/lang/Object;Ljava/lang/Object;Ljava/lang/Object;Ljava/lang/Object;)Ljava/lang/Object;+28 java.base@17.0.10
j  java.lang.invoke.BootstrapMethodInvoker.invoke(Ljava/lang/Class;Ljava/lang/invoke/MethodHandle;Ljava/lang/String;Ljava/lang/Object;Ljava/lang/Object;Ljava/lang/Class;)Ljava/lang/Object;+319 java.base@17.0.10
j  java.lang.invoke.CallSite.makeSite(Ljava/lang/invoke/MethodHandle;Ljava/lang/String;Ljava/lang/invoke/MethodType;Ljava/lang/Object;Ljava/lang/Class;)Ljava/lang/invoke/CallSite;+8 java.base@17.0.10
j  java.lang.invoke.MethodHandleNatives.linkCallSiteImpl(Ljava/lang/Class;Ljava/lang/invoke/MethodHandle;Ljava/lang/String;Ljava/lang/invoke/MethodType;Ljava/lang/Object;[Ljava/lang/Object;)Ljava/lang/invoke/MemberName;+6 java.base@17.0.10
j  java.lang.invoke.MethodHandleNatives.linkCallSite(Ljava/lang/Object;ILjava/lang/Object;Ljava/lang/Object;Ljava/lang/Object;Ljava/lang/Object;[Ljava/lang/Object;)Ljava/lang/invoke/MemberName;+46 java.base@17.0.10
v  ~StubRoutines::call_stub
j  jdk.internal.module.DefaultRoots.compute(Ljava/lang/module/ModuleFinder;Ljava/lang/module/ModuleFinder;)Ljava/util/Set;+11 java.base@17.0.10
j  jdk.internal.module.ModuleBootstrap.boot2()Ljava/lang/ModuleLayer;+727 java.base@17.0.10
j  jdk.internal.module.ModuleBootstrap.boot()Ljava/lang/ModuleLayer;+64 java.base@17.0.10
j  java.lang.System.initPhase2(ZZ)I+0 java.base@17.0.10
v  ~StubRoutines::call_stub
new  187 new  [0x000001e74422ac80, 0x000001e74422aea0]  544 bytes
[MachCode]
  0x000001e74422ac80: 4883 ec08 | c5fa 1104 | 24eb 1f48 | 83ec 10c5 | fb11 0424 | eb14 4883 | ec10 4889 | 0424 48c7 
  0x000001e74422aca0: 4424 0800 | 0000 00eb | 0150 410f | b755 010f | cac1 ea10 | 488b 4de8 | 488b 4908 | 488b 4908 
  0x000001e74422acc0: 488b 4108 | 807c 1004 | 070f 85d6 | 0000 0066 | 8b54 d148 | 488b 4928 | 488b 4cd1 | 0851 80b9 
  0x000001e74422ace0: 3301 0000 | 040f 85b9 | 0000 008b | 5108 f7c2 | 0100 0000 | 0f85 aa00 | 0000 498b | 8708 0100 
  0x000001e74422ad00: 0048 8d1c | 1049 3b9f | 1801 0000 | 0f87 9200 | 0000 4989 | 9f08 0100 | 00e9 0000 | 0000 4883 
  0x000001e74422ad20: ea10 0f84 | 0f00 0000 | 33c9 c1ea | 0348 894c | d008 48ff | ca75 f648 | c700 0100 | 0000 5933 
  0x000001e74422ad40: f689 700c | 48c1 e903 | 8948 0849 | ba7a 357c | 92fb 7f00 | 0041 803a | 000f 8440 | 0000 0050 
  0x000001e74422ad60: 488b c848 | 83ec 20f7 | c40f 0000 | 000f 841a | 0000 0048 | 83ec 0849 | ba20 3032 | 92fb 7f00 
  0x000001e74422ad80: 0041 ffd2 | 4883 c408 | e90d 0000 | 0049 ba20 | 3032 92fb | 7f00 0041 | ffd2 4883 | c420 58e9 
  0x000001e74422ada0: cd00 0000 | 5948 8b55 | e848 8b52 | 0848 8b52 | 0845 0fb7 | 4501 410f | c841 c1e8 | 10e8 0500 
  0x000001e74422adc0: 0000 e9aa | 0000 0048 | 8d44 2408 | 4c89 6dc0 | 498b cfc5 | f877 4989 | afa8 0200 | 0049 8987 
  0x000001e74422ade0: 9802 0000 | 4883 ec20 | f7c4 0f00 | 0000 0f84 | 1a00 0000 | 4883 ec08 | 49ba c025 | fc91 fb7f 
  0x000001e74422ae00: 0000 41ff | d248 83c4 | 08e9 0d00 | 0000 49ba | c025 fc91 | fb7f 0000 | 41ff d248 | 83c4 2049 
  0x000001e74422ae20: c787 9802 | 0000 0000 | 0000 49c7 | 87a8 0200 | 0000 0000 | 0049 c787 | a002 0000 | 0000 0000 
  0x000001e74422ae40: c5f8 7749 | 817f 0800 | 0000 000f | 8405 0000 | 00e9 aa60 | feff 498b | 87f0 0200 | 0049 c787 
  0x000001e74422ae60: f002 0000 | 0000 0000 | 4c8b 6dc0 | 4c8b 75c8 | c341 0fb6 | 5d03 4983 | c503 49ba | 90a1 7e92 
  0x000001e74422ae80: fb7f 0000 | 41ff 24da | 0000 0000 | 0000 0000 | 0000 0000 | 0000 0000 | 0000 0000 | 0000 0000 
[/MachCode]

---------------  P R O C E S S  ---------------

Threads class SMR info:
_java_thread_list=0x000001e737f2c330, length=10, elements={
0x000001e73a04ccb0, 0x000001e74ded1020, 0x000001e74ded3730, 0x000001e74dedd730,
0x000001e74dede000, 0x000001e74dedead0, 0x000001e752f55500, 0x000001e752f582c0,
0x000001e752fb1470, 0x000001e752fcb970
}

Java Threads: ( => current thread )
=>0x000001e73a04ccb0 JavaThread "main" [_thread_in_vm, id=19936, stack(0x0000007529300000,0x0000007529400000)]
  0x000001e74ded1020 JavaThread "Reference Handler" daemon [_thread_blocked, id=24328, stack(0x0000007529600000,0x0000007529700000)]
  0x000001e74ded3730 JavaThread "Finalizer" daemon [_thread_blocked, id=4784, stack(0x0000007529700000,0x0000007529800000)]
  0x000001e74dedd730 JavaThread "Signal Dispatcher" daemon [_thread_blocked, id=21348, stack(0x0000007529800000,0x0000007529900000)]
  0x000001e74dede000 JavaThread "Attach Listener" daemon [_thread_blocked, id=14292, stack(0x0000007529900000,0x0000007529a00000)]
  0x000001e74dedead0 JavaThread "Service Thread" daemon [_thread_blocked, id=20764, stack(0x0000007529a00000,0x0000007529b00000)]
  0x000001e752f55500 JavaThread "Monitor Deflation Thread" daemon [_thread_blocked, id=21448, stack(0x0000007529b00000,0x0000007529c00000)]
  0x000001e752f582c0 JavaThread "C2 CompilerThread0" daemon [_thread_blocked, id=7432, stack(0x0000007529c00000,0x0000007529d00000)]
  0x000001e752fb1470 JavaThread "C1 CompilerThread0" daemon [_thread_blocked, id=12208, stack(0x0000007529d00000,0x0000007529e00000)]
  0x000001e752fcb970 JavaThread "Sweeper thread" daemon [_thread_blocked, id=6252, stack(0x0000007529e00000,0x0000007529f00000)]

Other Threads:
  0x000001e73a0f9cd0 VMThread "VM Thread" [stack: 0x0000007529500000,0x0000007529600000] [id=6308]
  0x000001e73a064fe0 GCTaskThread "GC Thread#0" [stack: 0x0000007529400000,0x0000007529500000] [id=20096]

Threads with active compile tasks:

VM state: not at safepoint (normal execution)

VM Mutex/Monitor currently owned by a thread:  ([mutex/lock_event])
[0x000001e73a0472f0] Metaspace_lock - owner thread: 0x000001e73a04ccb0

Heap address: 0x00000000c0000000, size: 1024 MB, Compressed Oops mode: 32-bit

CDS archive(s) not mapped
Compressed class space mapped at: 0x0000000100000000-0x0000000140000000, reserved size: 1073741824
Narrow klass base: 0x0000000000000000, Narrow klass shift: 3, Narrow klass range: 0x140000000

GC Precious Log:
 CPUs: 8 total, 8 available
 Memory: 12124M
 Large Page Support: Disabled
 NUMA Support: Disabled
 Compressed Oops: Enabled (32-bit)
 Alignments: Space 512K, Generation 512K, Heap 2M
 Heap Min Capacity: 100M
 Heap Initial Capacity: 100M
 Heap Max Capacity: 1G
 Pre-touch: Disabled
 Parallel Workers: 8

Heap:
 PSYoungGen      total 29696K, used 1536K [0x00000000eab00000, 0x00000000ecc00000, 0x0000000100000000)
  eden space 25600K, 6% used [0x00000000eab00000,0x00000000eac801a8,0x00000000ec400000)
  from space 4096K, 0% used [0x00000000ec800000,0x00000000ec800000,0x00000000ecc00000)
  to   space 4096K, 0% used [0x00000000ec400000,0x00000000ec400000,0x00000000ec800000)
 ParOldGen       total 68608K, used 0K [0x00000000c0000000, 0x00000000c4300000, 0x00000000eab00000)
  object space 68608K, 0% used [0x00000000c0000000,0x00000000c0000000,0x00000000c4300000)
 Metaspace       used 3714K, committed 3776K, reserved 1114112K
  class space    used 322K, committed 384K, reserved 1048576K

Card table byte_map: [0x000001e7399e0000,0x000001e739bf0000] _byte_map_base: 0x000001e7393e0000

Marking Bits: (ParMarkBitMap*) 0x00007ffb927dd7d0
 Begin Bits: [0x000001e74bce0000, 0x000001e74cce0000)
 End Bits:   [0x000001e74cce0000, 0x000001e74dce0000)

Polling page: 0x000001e738190000

Metaspace:

Usage:
  Non-class:      3.31 MB used.
      Class:    322.16 KB used.
       Both:      3.63 MB used.

Virtual space:
  Non-class space:       64.00 MB reserved,       3.31 MB (  5%) committed,  1 nodes.
      Class space:        1.00 GB reserved,     384.00 KB ( <1%) committed,  1 nodes.
             Both:        1.06 GB reserved,       3.69 MB ( <1%) committed. 

Chunk freelists:
   Non-Class:  12.00 MB
       Class:  15.62 MB
        Both:  27.62 MB

MaxMetaspaceSize: unlimited
CompressedClassSpaceSize: 1.00 GB
Initial GC threshold: 21.00 MB
Current GC threshold: 21.00 MB
CDS: off
MetaspaceReclaimPolicy: balanced
 - commit_granule_bytes: 65536.
 - commit_granule_words: 8192.
 - virtual_space_node_default_size: 8388608.
 - enlarge_chunks_in_place: 1.
 - new_chunks_are_fully_committed: 0.
 - uncommit_free_chunks: 1.
 - use_allocation_guard: 0.
 - handle_deallocations: 1.


Internal statistics:

num_allocs_failed_limit: 0.
num_arena_births: 2.
num_arena_deaths: 0.
num_vsnodes_births: 2.
num_vsnodes_deaths: 0.
num_space_committed: 59.
num_space_uncommitted: 0.
num_chunks_returned_to_freelist: 0.
num_chunks_taken_from_freelist: 4.
num_chunk_merges: 0.
num_chunk_splits: 2.
num_chunks_enlarged: 0.
num_inconsistent_stats: 0.

CodeHeap 'non-profiled nmethods': size=120000Kb used=11Kb max_used=11Kb free=119989Kb
 bounds [0x000001e7447b0000, 0x000001e744a20000, 0x000001e74bce0000]
CodeHeap 'profiled nmethods': size=120000Kb used=44Kb max_used=44Kb free=119955Kb
 bounds [0x000001e73cce0000, 0x000001e73cf50000, 0x000001e744210000]
CodeHeap 'non-nmethods': size=5760Kb used=1060Kb max_used=1060Kb free=4699Kb
 bounds [0x000001e744210000, 0x000001e744480000, 0x000001e7447b0000]
 total_blobs=367 nmethods=40 adapters=242
 compilation: enabled
              stopped_count=0, restarted_count=0
 full_count=0

Compilation events (20 events):
Event: 0.235 Thread 0x000001e752f582c0   17       4       java.lang.Object::<init> (1 bytes)
Event: 0.236 Thread 0x000001e752f582c0 nmethod 17 0x000001e7447b0990 code [0x000001e7447b0b00, 0x000001e7447b0b78]
Event: 0.240 Thread 0x000001e752fb1470   24       3       java.util.ImmutableCollections$SetN$SetNIterator::hasNext (13 bytes)
Event: 0.240 Thread 0x000001e752fb1470 nmethod 24 0x000001e73cce6190 code [0x000001e73cce6320, 0x000001e73cce6498]
Event: 0.240 Thread 0x000001e752fb1470   25       3       java.util.concurrent.ConcurrentHashMap::tabAt (22 bytes)
Event: 0.240 Thread 0x000001e752fb1470 nmethod 25 0x000001e73cce6510 code [0x000001e73cce66c0, 0x000001e73cce6978]
Event: 0.240 Thread 0x000001e752fb1470   26       3       jdk.internal.misc.Unsafe::getReferenceAcquire (7 bytes)
Event: 0.241 Thread 0x000001e752fb1470 nmethod 26 0x000001e73cce6a90 code [0x000001e73cce6c20, 0x000001e73cce6d38]
Event: 0.241 Thread 0x000001e752fb1470   27       3       java.util.ImmutableCollections$SetN$SetNIterator::next (90 bytes)
Event: 0.241 Thread 0x000001e752fb1470 nmethod 27 0x000001e73cce6e10 code [0x000001e73cce6fc0, 0x000001e73cce72e8]
Event: 0.255 Thread 0x000001e752fb1470   28       3       java.lang.String::length (11 bytes)
Event: 0.256 Thread 0x000001e752fb1470 nmethod 28 0x000001e73cce7490 code [0x000001e73cce7620, 0x000001e73cce77b8]
Event: 0.275 Thread 0x000001e752fb1470   30       1       java.lang.Enum::ordinal (5 bytes)
Event: 0.275 Thread 0x000001e752fb1470 nmethod 30 0x000001e7447b0f90 code [0x000001e7447b1120, 0x000001e7447b11f8]
Event: 0.278 Thread 0x000001e752fb1470   32       3       java.util.concurrent.ConcurrentHashMap::addCount (279 bytes)
Event: 0.279 Thread 0x000001e752fb1470 nmethod 32 0x000001e73cce7890 code [0x000001e73cce7ae0, 0x000001e73cce8468]
Event: 0.279 Thread 0x000001e752fb1470   35   !   3       java.util.concurrent.ConcurrentHashMap::putVal (433 bytes)
Event: 0.282 Thread 0x000001e752fb1470 nmethod 35 0x000001e73cce8790 code [0x000001e73cce8ae0, 0x000001e73ccea3e8]
Event: 0.282 Thread 0x000001e752fb1470   36       3       java.util.concurrent.ConcurrentHashMap$Node::<init> (20 bytes)
Event: 0.282 Thread 0x000001e752fb1470 nmethod 36 0x000001e73ccead90 code [0x000001e73cceaf20, 0x000001e73cceb0b8]

GC Heap History (0 events):
No events

Dll operation events (1 events):
Event: 0.020 Loaded shared library c:\Users\asus\.vscode\extensions\redhat.java-1.30.0-win32-x64\jre\17.0.10-win32-x86_64\bin\java.dll

Deoptimization events (0 events):
No events

Classes unloaded (0 events):
No events

Classes redefined (0 events):
No events

Internal exceptions (0 events):
No events

VM Operations (0 events):
No events

Events (20 events):
Event: 0.290 loading class jdk/internal/org/objectweb/asm/MethodWriter done
Event: 0.290 loading class jdk/internal/org/objectweb/asm/Label
Event: 0.292 loading class jdk/internal/org/objectweb/asm/Label done
Event: 0.294 loading class java/lang/invoke/InnerClassLambdaMetafactory$ForwardingMethodGenerator
Event: 0.294 loading class java/lang/invoke/TypeConvertingMethodAdapter
Event: 0.294 loading class java/lang/invoke/TypeConvertingMethodAdapter done
Event: 0.294 loading class java/lang/invoke/InnerClassLambdaMetafactory$ForwardingMethodGenerator done
Event: 0.295 loading class jdk/internal/org/objectweb/asm/Handler
Event: 0.295 loading class jdk/internal/org/objectweb/asm/Handler done
Event: 0.295 loading class jdk/internal/org/objectweb/asm/Attribute
Event: 0.295 loading class jdk/internal/org/objectweb/asm/Attribute done
Event: 0.295 loading class jdk/internal/org/objectweb/asm/AnnotationWriter
Event: 0.296 loading class jdk/internal/org/objectweb/asm/AnnotationVisitor
Event: 0.296 loading class jdk/internal/org/objectweb/asm/AnnotationVisitor done
Event: 0.296 loading class jdk/internal/org/objectweb/asm/AnnotationWriter done
Event: 0.296 loading class java/lang/invoke/MethodHandles$Lookup$ClassOption
Event: 0.297 loading class java/lang/invoke/MethodHandles$Lookup$ClassOption done
Event: 0.297 loading class java/lang/invoke/MethodHandles$Lookup$ClassFile
Event: 0.297 loading class java/lang/invoke/MethodHandles$Lookup$ClassFile done
Event: 0.297 loading class jdk/internal/org/objectweb/asm/ClassReader


Dynamic libraries:
0x00007ff60ed20000 - 0x00007ff60ed2e000 	c:\Users\asus\.vscode\extensions\redhat.java-1.30.0-win32-x64\jre\17.0.10-win32-x86_64\bin\java.exe
0x00007ffc44c90000 - 0x00007ffc44ea7000 	C:\WINDOWS\SYSTEM32\ntdll.dll
0x00007ffc441a0000 - 0x00007ffc44264000 	C:\WINDOWS\System32\KERNEL32.DLL
0x00007ffc423e0000 - 0x00007ffc42786000 	C:\WINDOWS\System32\KERNELBASE.dll
0x00007ffc428c0000 - 0x00007ffc429d1000 	C:\WINDOWS\System32\ucrtbase.dll
0x00007ffc2b0a0000 - 0x00007ffc2b0b7000 	c:\Users\asus\.vscode\extensions\redhat.java-1.30.0-win32-x64\jre\17.0.10-win32-x86_64\bin\jli.dll
0x00007ffc42d10000 - 0x00007ffc42ebe000 	C:\WINDOWS\System32\USER32.dll
0x00007ffc423b0000 - 0x00007ffc423d6000 	C:\WINDOWS\System32\win32u.dll
0x00007ffc43ce0000 - 0x00007ffc43d09000 	C:\WINDOWS\System32\GDI32.dll
0x00007ffc42000000 - 0x00007ffc42118000 	C:\WINDOWS\System32\gdi32full.dll
0x00007ffc42310000 - 0x00007ffc423aa000 	C:\WINDOWS\System32\msvcp_win.dll
0x00007ffc2afa0000 - 0x00007ffc2afbb000 	c:\Users\asus\.vscode\extensions\redhat.java-1.30.0-win32-x64\jre\17.0.10-win32-x86_64\bin\VCRUNTIME140.dll
0x00007ffc2c520000 - 0x00007ffc2c7b3000 	C:\WINDOWS\WinSxS\amd64_microsoft.windows.common-controls_6595b64144ccf1df_6.0.22621.2506_none_270c5ae97388e100\COMCTL32.dll
0x00007ffc44640000 - 0x00007ffc446e7000 	C:\WINDOWS\System32\msvcrt.dll
0x00007ffc43360000 - 0x00007ffc43391000 	C:\WINDOWS\System32\IMM32.DLL
0x00007ffc3cfe0000 - 0x00007ffc3cfec000 	c:\Users\asus\.vscode\extensions\redhat.java-1.30.0-win32-x64\jre\17.0.10-win32-x86_64\bin\vcruntime140_1.dll
0x00007ffbfc490000 - 0x00007ffbfc51d000 	c:\Users\asus\.vscode\extensions\redhat.java-1.30.0-win32-x64\jre\17.0.10-win32-x86_64\bin\msvcp140.dll
0x00007ffb91c40000 - 0x00007ffb928a2000 	c:\Users\asus\.vscode\extensions\redhat.java-1.30.0-win32-x64\jre\17.0.10-win32-x86_64\bin\server\jvm.dll
0x00007ffc43c00000 - 0x00007ffc43cb1000 	C:\WINDOWS\System32\ADVAPI32.dll
0x00007ffc429e0000 - 0x00007ffc42a85000 	C:\WINDOWS\System32\sechost.dll
0x00007ffc44770000 - 0x00007ffc44887000 	C:\WINDOWS\System32\RPCRT4.dll
0x00007ffc41860000 - 0x00007ffc418ad000 	C:\WINDOWS\SYSTEM32\POWRPROF.dll
0x00007ffc13290000 - 0x00007ffc13299000 	C:\WINDOWS\SYSTEM32\WSOCK32.dll
0x00007ffc448a0000 - 0x00007ffc44911000 	C:\WINDOWS\System32\WS2_32.dll
0x00007ffc39bd0000 - 0x00007ffc39c04000 	C:\WINDOWS\SYSTEM32\WINMM.dll
0x00007ffc39680000 - 0x00007ffc3968a000 	C:\WINDOWS\SYSTEM32\VERSION.dll
0x00007ffc41840000 - 0x00007ffc41853000 	C:\WINDOWS\SYSTEM32\UMPDC.dll
0x00007ffc40fc0000 - 0x00007ffc40fd8000 	C:\WINDOWS\SYSTEM32\kernel.appcore.dll
0x00007ffc38400000 - 0x00007ffc3840a000 	c:\Users\asus\.vscode\extensions\redhat.java-1.30.0-win32-x64\jre\17.0.10-win32-x86_64\bin\jimage.dll
0x00007ffc3f930000 - 0x00007ffc3fb63000 	C:\WINDOWS\SYSTEM32\DBGHELP.DLL
0x00007ffc42ec0000 - 0x00007ffc43249000 	C:\WINDOWS\System32\combase.dll
0x00007ffc449d0000 - 0x00007ffc44aa7000 	C:\WINDOWS\System32\OLEAUT32.dll
0x00007ffc184a0000 - 0x00007ffc184d2000 	C:\WINDOWS\SYSTEM32\dbgcore.DLL
0x00007ffc42290000 - 0x00007ffc4230a000 	C:\WINDOWS\System32\bcryptPrimitives.dll
0x00007ffc31140000 - 0x00007ffc3114e000 	c:\Users\asus\.vscode\extensions\redhat.java-1.30.0-win32-x64\jre\17.0.10-win32-x86_64\bin\instrument.dll
0x00007ffc29930000 - 0x00007ffc29955000 	c:\Users\asus\.vscode\extensions\redhat.java-1.30.0-win32-x64\jre\17.0.10-win32-x86_64\bin\java.dll
0x00007ffc2af10000 - 0x00007ffc2af28000 	c:\Users\asus\.vscode\extensions\redhat.java-1.30.0-win32-x64\jre\17.0.10-win32-x86_64\bin\zip.dll
0x00007ffc433a0000 - 0x00007ffc43bfa000 	C:\WINDOWS\System32\SHELL32.dll
0x00007ffc3fed0000 - 0x00007ffc407c6000 	C:\WINDOWS\SYSTEM32\windows.storage.dll
0x00007ffc3fd90000 - 0x00007ffc3fece000 	C:\WINDOWS\SYSTEM32\wintypes.dll
0x00007ffc43250000 - 0x00007ffc43343000 	C:\WINDOWS\System32\SHCORE.dll
0x00007ffc442e0000 - 0x00007ffc4433e000 	C:\WINDOWS\System32\shlwapi.dll
0x00007ffc41f30000 - 0x00007ffc41f56000 	C:\WINDOWS\SYSTEM32\profapi.dll

dbghelp: loaded successfully - version: 4.0.5 - missing functions: none
symbol engine: initialized successfully - sym options: 0x614 - pdb path: .;c:\Users\asus\.vscode\extensions\redhat.java-1.30.0-win32-x64\jre\17.0.10-win32-x86_64\bin;C:\WINDOWS\SYSTEM32;C:\WINDOWS\WinSxS\amd64_microsoft.windows.common-controls_6595b64144ccf1df_6.0.22621.2506_none_270c5ae97388e100;c:\Users\asus\.vscode\extensions\redhat.java-1.30.0-win32-x64\jre\17.0.10-win32-x86_64\bin\server

VM Arguments:
jvm_args: --add-modules=ALL-SYSTEM --add-opens=java.base/java.util=ALL-UNNAMED --add-opens=java.base/java.lang=ALL-UNNAMED --add-opens=java.base/sun.nio.fs=ALL-UNNAMED -Declipse.application=org.eclipse.jdt.ls.core.id1 -Dosgi.bundles.defaultStartLevel=4 -Declipse.product=org.eclipse.jdt.ls.core.product -Djava.import.generatesMetadataFilesAtProjectRoot=false -DDetectVMInstallationsJob.disabled=true -Dfile.encoding=utf8 -XX:+UseParallelGC -XX:GCTimeRatio=4 -XX:AdaptiveSizePolicyWeight=90 -Dsun.zip.disableMemoryMapping=true -Xmx1G -Xms100m -Xlog:disable -javaagent:c:\Users\asus\.vscode\extensions\redhat.java-1.30.0-win32-x64\lombok\lombok-1.18.32.jar -XX:+HeapDumpOnOutOfMemoryError -XX:HeapDumpPath=c:\Users\asus\AppData\Roaming\Code\User\workspaceStorage\8bb4935694b1e4ef1b1afca47bc8e95a\redhat.java -Daether.dependencyCollector.impl=bf 
java_command: c:\Users\asus\.vscode\extensions\redhat.java-1.30.0-win32-x64\server\plugins\org.eclipse.equinox.launcher_1.6.800.v20240330-1250.jar -configuration c:\Users\asus\AppData\Roaming\Code\User\globalStorage\redhat.java\1.30.0\config_win -data c:\Users\asus\AppData\Roaming\Code\User\workspaceStorage\8bb4935694b1e4ef1b1afca47bc8e95a\redhat.java\jdt_ws --pipe=\\.\pipe\lsp-122c1832f531b38d2887505a061aa924-sock
java_class_path (initial): c:\Users\asus\.vscode\extensions\redhat.java-1.30.0-win32-x64\server\plugins\org.eclipse.equinox.launcher_1.6.800.v20240330-1250.jar
Launcher Type: SUN_STANDARD

[Global flags]
    uintx AdaptiveSizePolicyWeight                 = 90                                        {product} {command line}
     intx CICompilerCount                          = 4                                         {product} {ergonomic}
    uintx GCTimeRatio                              = 4                                         {product} {command line}
     bool HeapDumpOnOutOfMemoryError               = true                                   {manageable} {command line}
    ccstr HeapDumpPath                             = c:\Users\asus\AppData\Roaming\Code\User\workspaceStorage\8bb4935694b1e4ef1b1afca47bc8e95a\redhat.java         {manageable} {command line}
   size_t InitialHeapSize                          = 104857600                                 {product} {command line}
   size_t MaxHeapSize                              = 1073741824                                {product} {command line}
   size_t MaxNewSize                               = 357564416                                 {product} {ergonomic}
   size_t MinHeapDeltaBytes                        = 524288                                    {product} {ergonomic}
   size_t MinHeapSize                              = 104857600                                 {product} {command line}
   size_t NewSize                                  = 34603008                                  {product} {ergonomic}
    uintx NonNMethodCodeHeapSize                   = 5839372                                {pd product} {ergonomic}
    uintx NonProfiledCodeHeapSize                  = 122909434                              {pd product} {ergonomic}
   size_t OldSize                                  = 70254592                                  {product} {ergonomic}
    uintx ProfiledCodeHeapSize                     = 122909434                              {pd product} {ergonomic}
    uintx ReservedCodeCacheSize                    = 251658240                              {pd product} {ergonomic}
     bool SegmentedCodeCache                       = true                                      {product} {ergonomic}
   size_t SoftMaxHeapSize                          = 1073741824                             {manageable} {ergonomic}
     bool UseCompressedClassPointers               = true                           {product lp64_product} {ergonomic}
     bool UseCompressedOops                        = true                           {product lp64_product} {ergonomic}
     bool UseLargePagesIndividualAllocation        = false                                  {pd product} {ergonomic}
     bool UseParallelGC                            = true                                      {product} {command line}

Logging:
Log output configuration:
 #0: stdout all=off uptime,level,tags
 #1: stderr all=off uptime,level,tags

Environment Variables:
JAVA_HOME=C:\Program Files\Java\jdk-21
PATH=C:\Program Files\Common Files\Oracle\Java\javapath;C:\Program Files\Python310\Scripts\;C:\Program Files\Python310\;C:\WINDOWS\system32;C:\WINDOWS;C:\WINDOWS\System32\Wbem;C:\WINDOWS\System32\WindowsPowerShell\v1.0\;C:\WINDOWS\System32\OpenSSH\;C:\Users\asus\AppData\Local\Microsoft\WindowsApps;C:\adb;C:\Users\asus\AppData\Local\Programs\Python\Python310;C:\Users\asus\AppData\Local\Programs\Python\Python310\Scripts;C:\WINDOWS\system32;C:\WINDOWS;C:\WINDOWS\System32\Wbem;C:\WINDOWS\System32\WindowsPowerShell\v1.0\;C:\WINDOWS\System32\OpenSSH\;C:\Program Files\Git\cmd;C:\Program Files\MySQL\MySQL Server 8.0\bin;C:\Program Files\Java\jdk-21\bin;C:\Program Files\PostgreSQL\16\bin;C:\cygwin64\bin;C:\Users\asus\AppData\Local\Programs\Microsoft VS Code\bin;C:\Users\asus\AppData\Local\Microsoft\WindowsApps;C:\ghcup\bin;C:\Program Files\mingw64\bin;C:\Users\asus\AppData\Local\GitHubDesktop\bin
USERNAME=asus
OS=Windows_NT
PROCESSOR_IDENTIFIER=Intel64 Family 6 Model 142 Stepping 12, GenuineIntel
TMP=C:\Users\asus\AppData\Local\Temp
TEMP=C:\Users\asus\AppData\Local\Temp



Periodic native trim disabled


---------------  S Y S T E M  ---------------

OS:
 Windows 11 , 64 bit Build 22621 (10.0.22621.2506)
OS uptime: 8 days 2:08 hours
Hyper-V role detected

CPU: total 8 (initial active 8) (4 cores per cpu, 2 threads per core) family 6 model 142 stepping 12 microcode 0xde, cx8, cmov, fxsr, ht, mmx, 3dnowpref, sse, sse2, sse3, ssse3, sse4.1, sse4.2, popcnt, lzcnt, tsc, tscinvbit, avx, avx2, aes, erms, clmul, bmi1, bmi2, adx, fma, vzeroupper, clflush, clflushopt, hv
Processor Information for processor 0
  Max Mhz: 2101, Current Mhz: 1700, Mhz Limit: 1680
Processor Information for processor 1
  Max Mhz: 2101, Current Mhz: 1700, Mhz Limit: 1680
Processor Information for processor 2
  Max Mhz: 2101, Current Mhz: 1700, Mhz Limit: 1680
Processor Information for processor 3
  Max Mhz: 2101, Current Mhz: 1700, Mhz Limit: 1680
Processor Information for processor 4
  Max Mhz: 2101, Current Mhz: 1700, Mhz Limit: 1680
Processor Information for processor 5
  Max Mhz: 2101, Current Mhz: 1500, Mhz Limit: 1680
Processor Information for processor 6
  Max Mhz: 2101, Current Mhz: 1700, Mhz Limit: 1680
Processor Information for processor 7
  Max Mhz: 2101, Current Mhz: 1700, Mhz Limit: 1680

Memory: 4k page, system-wide physical 12124M (2564M free)
TotalPageFile size 14172M (AvailPageFile size 1M)
current process WorkingSet (physical memory assigned to process): 27M, peak: 27M
current process commit charge ("private bytes"): 181M, peak: 182M

vm_info: OpenJDK 64-Bit Server VM (17.0.10+7) for windows-amd64 JRE (17.0.10+7), built on Jan 16 2024 23:25:11 by "admin" with MS VC++ 16.10 / 16.11 (VS2019)

END.
