#
# There is insufficient memory for the Java Runtime Environment to continue.
# Native memory allocation (mmap) failed to map 199229440 bytes for G1 virtual space
# Possible reasons:
#   The system is out of physical RAM or swap space
#   The process is running with CompressedOops enabled, and the Java Heap may be blocking the growth of the native heap
# Possible solutions:
#   Reduce memory load on the system
#   Increase physical memory or swap space
#   Check if swap backing store is full
#   Decrease Java heap size (-Xmx/-Xms)
#   Decrease number of Java threads
#   Decrease Java thread stack sizes (-Xss)
#   Set larger code cache with -XX:ReservedCodeCacheSize=
#   JVM is running with Zero Based Compressed Oops mode in which the Java heap is
#     placed in the first 32GB address space. The Java Heap base address is the
#     maximum limit for the native heap growth. Please use -XX:HeapBaseMinAddress
#     to set the Java Heap base and to place the Java Heap above 32GB virtual address.
# This output file may be truncated or incomplete.
#
#  Out of Memory Error (os_windows.cpp:3600), pid=8528, tid=9552
#
# JRE version:  (21.0.2+13) (build )
# Java VM: Java HotSpot(TM) 64-Bit Server VM (21.0.2+13-LTS-58, mixed mode, sharing, tiered, compressed oops, compressed class ptrs, g1 gc, windows-amd64)
# No core dump will be written. Minidumps are not enabled by default on client versions of Windows
#

---------------  S U M M A R Y ------------

Command Line: -XX:+ShowCodeDetailsInExceptionMessages main.Main

Host: Intel(R) Core(TM) i5-10210U CPU @ 1.60GHz, 8 cores, 11G,  Windows 11 , 64 bit Build 22621 (10.0.22621.2506)
Time: Sun May 19 13:18:05 2024 SE Asia Standard Time elapsed time: 0.127703 seconds (0d 0h 0m 0s)

---------------  T H R E A D  ---------------

Current thread (0x0000023190b33920):  JavaThread "Unknown thread" [_thread_in_vm, id=9552, stack(0x000000cdb8a00000,0x000000cdb8b00000) (1024K)]

Stack: [0x000000cdb8a00000,0x000000cdb8b00000]
Native frames: (J=compiled Java code, j=interpreted, Vv=VM code, C=native code)
V  [jvm.dll+0x6cade9]
V  [jvm.dll+0x8569c1]
V  [jvm.dll+0x858d2e]
V  [jvm.dll+0x859413]
V  [jvm.dll+0x280e56]
V  [jvm.dll+0x6c74d5]
V  [jvm.dll+0x6bbeca]
V  [jvm.dll+0x355bca]
V  [jvm.dll+0x35d816]
V  [jvm.dll+0x3ae67e]
V  [jvm.dll+0x3ae928]
V  [jvm.dll+0x3295dc]
V  [jvm.dll+0x32a16b]
V  [jvm.dll+0x81efa9]
V  [jvm.dll+0x3bba01]
V  [jvm.dll+0x807928]
V  [jvm.dll+0x44f50e]
V  [jvm.dll+0x450e11]
C  [jli.dll+0x52a3]
C  [ucrtbase.dll+0x29363]
C  [KERNEL32.DLL+0x1257d]
C  [ntdll.dll+0x5aa58]


---------------  P R O C E S S  ---------------

Threads class SMR info:
_java_thread_list=0x00007ffc9facbb88, length=0, elements={
}

Java Threads: ( => current thread )
Total: 0

Other Threads:
  0x0000023190b81670 WorkerThread "GC Thread#0"                     [id=3356, stack(0x000000cdb8b00000,0x000000cdb8c00000) (1024K)]
  0x0000023190b8ed90 ConcurrentGCThread "G1 Main Marker"            [id=16820, stack(0x000000cdb8c00000,0x000000cdb8d00000) (1024K)]
  0x0000023190b91040 WorkerThread "G1 Conc#0"                       [id=11964, stack(0x000000cdb8d00000,0x000000cdb8e00000) (1024K)]

[error occurred during error reporting (printing all threads), id 0xc0000005, EXCEPTION_ACCESS_VIOLATION (0xc0000005) at pc=0x00007ffc9f23c6a7]
VM state: not at safepoint (not fully initialized)

VM Mutex/Monitor currently owned by a thread:  ([mutex/lock_event])
[0x00007ffc9fb3ce68] Heap_lock - owner thread: 0x0000023190b33920

Heap address: 0x0000000742800000, size: 3032 MB, Compressed Oops mode: Zero based, Oop shift amount: 3

CDS archive(s) mapped at: [0x0000000000000000-0x0000000000000000-0x0000000000000000), size 0, SharedBaseAddress: 0x0000000800000000, ArchiveRelocationMode: 1.
Narrow klass base: 0x0000000000000000, Narrow klass shift: 0, Narrow klass range: 0x0

GC Precious Log:
 CardTable entry size: 512
 Card Set container configuration: InlinePtr #cards 4 size 8 Array Of Cards #cards 16 size 48 Howl #buckets 8 coarsen threshold 3686 Howl Bitmap #cards 512 size 80 coarsen threshold 460 Card regions per heap region 1 cards per card region 4096

Heap:
 garbage-first heap   total 0K, used 0K [0x0000000742800000, 0x0000000800000000)
  region size 2048K, 0 young (0K), 0 survivors (0K)

[error occurred during error reporting (printing heap information), id 0xc0000005, EXCEPTION_ACCESS_VIOLATION (0xc0000005) at pc=0x00007ffc9f6239f9]
GC Heap History (0 events):
No events

Dll operation events (1 events):
Event: 0.072 Loaded shared library C:\Program Files\Java\jdk-21\bin\java.dll

Deoptimization events (0 events):
No events

Classes loaded (0 events):
No events

Classes unloaded (0 events):
No events

Classes redefined (0 events):
No events

Internal exceptions (0 events):
No events

ZGC Phase Switch (0 events):
No events

VM Operations (0 events):
No events

Events (0 events):
No events


Dynamic libraries:
0x00007ff7ac390000 - 0x00007ff7ac3a0000 	C:\Program Files\Java\jdk-21\bin\java.exe
0x00007ffd1ec90000 - 0x00007ffd1eea7000 	C:\WINDOWS\SYSTEM32\ntdll.dll
0x00007ffd1de80000 - 0x00007ffd1df44000 	C:\WINDOWS\System32\KERNEL32.DLL
0x00007ffd1c3b0000 - 0x00007ffd1c756000 	C:\WINDOWS\System32\KERNELBASE.dll
0x00007ffd1c1e0000 - 0x00007ffd1c2f1000 	C:\WINDOWS\System32\ucrtbase.dll
0x00007ffcfff80000 - 0x00007ffcfff9b000 	C:\Program Files\Java\jdk-21\bin\VCRUNTIME140.dll
0x00007ffcffe10000 - 0x00007ffcffe29000 	C:\Program Files\Java\jdk-21\bin\jli.dll
0x00007ffd1e950000 - 0x00007ffd1ea01000 	C:\WINDOWS\System32\ADVAPI32.dll
0x00007ffd1cca0000 - 0x00007ffd1cd47000 	C:\WINDOWS\System32\msvcrt.dll
0x00007ffd1e490000 - 0x00007ffd1e535000 	C:\WINDOWS\System32\sechost.dll
0x00007ffd1c9e0000 - 0x00007ffd1caf7000 	C:\WINDOWS\System32\RPCRT4.dll
0x00007ffd1ea20000 - 0x00007ffd1ebce000 	C:\WINDOWS\System32\USER32.dll
0x00007ffd1c300000 - 0x00007ffd1c326000 	C:\WINDOWS\System32\win32u.dll
0x00007ffd1cb80000 - 0x00007ffd1cba9000 	C:\WINDOWS\System32\GDI32.dll
0x00007ffd1c760000 - 0x00007ffd1c878000 	C:\WINDOWS\System32\gdi32full.dll
0x00007ffd037c0000 - 0x00007ffd03a53000 	C:\WINDOWS\WinSxS\amd64_microsoft.windows.common-controls_6595b64144ccf1df_6.0.22621.2506_none_270c5ae97388e100\COMCTL32.dll
0x00007ffd1c880000 - 0x00007ffd1c91a000 	C:\WINDOWS\System32\msvcp_win.dll
0x00007ffd0e840000 - 0x00007ffd0e84a000 	C:\WINDOWS\SYSTEM32\VERSION.dll
0x00007ffd1e670000 - 0x00007ffd1e6a1000 	C:\WINDOWS\System32\IMM32.DLL
0x00007ffd04d30000 - 0x00007ffd04d3c000 	C:\Program Files\Java\jdk-21\bin\vcruntime140_1.dll
0x00007ffccc540000 - 0x00007ffccc5ce000 	C:\Program Files\Java\jdk-21\bin\msvcp140.dll
0x00007ffc9ef00000 - 0x00007ffc9fc17000 	C:\Program Files\Java\jdk-21\bin\server\jvm.dll
0x00007ffd1d240000 - 0x00007ffd1d2b1000 	C:\WINDOWS\System32\WS2_32.dll
0x00007ffd10c80000 - 0x00007ffd10cb4000 	C:\WINDOWS\SYSTEM32\WINMM.dll
0x00007ffd1b750000 - 0x00007ffd1b79d000 	C:\WINDOWS\SYSTEM32\POWRPROF.dll
0x00007ffd1b730000 - 0x00007ffd1b743000 	C:\WINDOWS\SYSTEM32\UMPDC.dll
0x00007ffd1afc0000 - 0x00007ffd1afd8000 	C:\WINDOWS\SYSTEM32\kernel.appcore.dll
0x00007ffd03e60000 - 0x00007ffd03e6a000 	C:\Program Files\Java\jdk-21\bin\jimage.dll
0x00007ffd19930000 - 0x00007ffd19b63000 	C:\WINDOWS\SYSTEM32\DBGHELP.DLL
0x00007ffd1df60000 - 0x00007ffd1e2e9000 	C:\WINDOWS\System32\combase.dll
0x00007ffd1e870000 - 0x00007ffd1e947000 	C:\WINDOWS\System32\OLEAUT32.dll
0x00007ffcfaf40000 - 0x00007ffcfaf72000 	C:\WINDOWS\SYSTEM32\dbgcore.DLL
0x00007ffd1c330000 - 0x00007ffd1c3aa000 	C:\WINDOWS\System32\bcryptPrimitives.dll
0x00007ffcfd0b0000 - 0x00007ffcfd0cf000 	C:\Program Files\Java\jdk-21\bin\java.dll

dbghelp: loaded successfully - version: 4.0.5 - missing functions: none
symbol engine: initialized successfully - sym options: 0x614 - pdb path: .;C:\Program Files\Java\jdk-21\bin;C:\WINDOWS\SYSTEM32;C:\WINDOWS\WinSxS\amd64_microsoft.windows.common-controls_6595b64144ccf1df_6.0.22621.2506_none_270c5ae97388e100;C:\Program Files\Java\jdk-21\bin\server

VM Arguments:
jvm_args: -XX:+ShowCodeDetailsInExceptionMessages 
java_command: main.Main
java_class_path (initial): D:\File Kuliah ITB\SEMESTER 4\Pemrograman Berorientasi Objek\JAVA\TUBES OOP 9\TubesOOP_K03_G01\target\classes
Launcher Type: SUN_STANDARD

[Global flags]
     intx CICompilerCount                          = 4                                         {product} {ergonomic}
     uint ConcGCThreads                            = 2                                         {product} {ergonomic}
     uint G1ConcRefinementThreads                  = 8                                         {product} {ergonomic}
   size_t G1HeapRegionSize                         = 2097152                                   {product} {ergonomic}
    uintx GCDrainStackTargetSize                   = 64                                        {product} {ergonomic}
   size_t InitialHeapSize                          = 199229440                                 {product} {ergonomic}
   size_t MarkStackSize                            = 4194304                                   {product} {ergonomic}
   size_t MaxHeapSize                              = 3179282432                                {product} {ergonomic}
   size_t MinHeapDeltaBytes                        = 2097152                                   {product} {ergonomic}
   size_t MinHeapSize                              = 8388608                                   {product} {ergonomic}
    uintx NonNMethodCodeHeapSize                   = 5839372                                {pd product} {ergonomic}
    uintx NonProfiledCodeHeapSize                  = 122909434                              {pd product} {ergonomic}
    uintx ProfiledCodeHeapSize                     = 122909434                              {pd product} {ergonomic}
    uintx ReservedCodeCacheSize                    = 251658240                              {pd product} {ergonomic}
     bool SegmentedCodeCache                       = true                                      {product} {ergonomic}
     bool ShowCodeDetailsInExceptionMessages       = true                                   {manageable} {command line}
   size_t SoftMaxHeapSize                          = 3179282432                             {manageable} {ergonomic}
     bool UseCompressedOops                        = true                           {product lp64_product} {ergonomic}
     bool UseG1GC                                  = true                                      {product} {ergonomic}
     bool UseLargePagesIndividualAllocation        = false                                  {pd product} {ergonomic}

Logging:
Log output configuration:
 #0: stdout all=warning uptime,level,tags foldmultilines=false
 #1: stderr all=off uptime,level,tags foldmultilines=false

Environment Variables:
JAVA_HOME=C:\Program Files\Java\jdk-21
PATH=C:\Program Files\Common Files\Oracle\Java\javapath;C:\Program Files\Python310\Scripts\;C:\Program Files\Python310\;C:\WINDOWS\system32;C:\WINDOWS;C:\WINDOWS\System32\Wbem;C:\WINDOWS\System32\WindowsPowerShell\v1.0\;C:\WINDOWS\System32\OpenSSH\;C:\Users\asus\AppData\Local\Microsoft\WindowsApps;C:\adb;C:\Users\asus\AppData\Local\Programs\Python\Python310;C:\Users\asus\AppData\Local\Programs\Python\Python310\Scripts;C:\WINDOWS\system32;C:\WINDOWS;C:\WINDOWS\System32\Wbem;C:\WINDOWS\System32\WindowsPowerShell\v1.0\;C:\WINDOWS\System32\OpenSSH\;C:\Program Files\Git\cmd;C:\Program Files\MySQL\MySQL Server 8.0\bin;C:\Program Files\Java\jdk-21\bin;C:\Program Files\PostgreSQL\16\bin;C:\cygwin64\bin;C:\Users\asus\AppData\Local\Programs\Microsoft VS Code\bin;C:\Users\asus\AppData\Local\Microsoft\WindowsApps;C:\ghcup\bin;C:\Program Files\mingw64\bin
USERNAME=asus
LANG=en_US.UTF-8
OS=Windows_NT
PROCESSOR_IDENTIFIER=Intel64 Family 6 Model 142 Stepping 12, GenuineIntel
TMP=C:\Users\asus\AppData\Local\Temp
TEMP=C:\Users\asus\AppData\Local\Temp




Periodic native trim disabled

---------------  S Y S T E M  ---------------

OS:
 Windows 11 , 64 bit Build 22621 (10.0.22621.2506)
OS uptime: 2 days 3:27 hours
Hyper-V role detected

CPU: total 8 (initial active 8) (4 cores per cpu, 2 threads per core) family 6 model 142 stepping 12 microcode 0xde, cx8, cmov, fxsr, ht, mmx, 3dnowpref, sse, sse2, sse3, ssse3, sse4.1, sse4.2, popcnt, lzcnt, tsc, tscinvbit, avx, avx2, aes, erms, clmul, bmi1, bmi2, adx, fma, vzeroupper, clflush, clflushopt, hv, rdtscp, f16c
Processor Information for processor 0
  Max Mhz: 2101, Current Mhz: 2101, Mhz Limit: 2101
Processor Information for processor 1
  Max Mhz: 2101, Current Mhz: 2101, Mhz Limit: 2101
Processor Information for processor 2
  Max Mhz: 2101, Current Mhz: 1500, Mhz Limit: 2101
Processor Information for processor 3
  Max Mhz: 2101, Current Mhz: 2101, Mhz Limit: 2101
Processor Information for processor 4
  Max Mhz: 2101, Current Mhz: 2101, Mhz Limit: 2101
Processor Information for processor 5
  Max Mhz: 2101, Current Mhz: 2101, Mhz Limit: 2101
Processor Information for processor 6
  Max Mhz: 2101, Current Mhz: 2101, Mhz Limit: 2101
Processor Information for processor 7
  Max Mhz: 2101, Current Mhz: 2101, Mhz Limit: 2101

Memory: 4k page, system-wide physical 12124M (2920M free)
TotalPageFile size 14172M (AvailPageFile size 34M)
current process WorkingSet (physical memory assigned to process): 11M, peak: 11M
current process commit charge ("private bytes"): 60M, peak: 250M

vm_info: Java HotSpot(TM) 64-Bit Server VM (21.0.2+13-LTS-58) for windows-amd64 JRE (21.0.2+13-LTS-58), built on 2024-01-05T18:32:24Z by "mach5one" with MS VC++ 17.1 (VS2022)

END.
