#
# There is insufficient memory for the Java Runtime Environment to continue.
# Native memory allocation (malloc) failed to allocate 54896 bytes for Chunk::new
# Possible reasons:
#   The system is out of physical RAM or swap space
#   The process is running with CompressedOops enabled, and the Java Heap may be blocking the growth of the native heap
# Possible solutions:
#   Reduce memory load on the system
#   Increase physical memory or swap space
#   Check if swap backing store is full
#   Decrease Java heap size (-Xmx/-Xms)
#   Decrease number of Java threads
#   Decrease Java thread stack sizes (-Xss)
#   Set larger code cache with -XX:ReservedCodeCacheSize=
#   JVM is running with Unscaled Compressed Oops mode in which the Java heap is
#     placed in the first 4GB address space. The Java Heap base address is the
#     maximum limit for the native heap growth. Please use -XX:HeapBaseMinAddress
#     to set the Java Heap base and to place the Java Heap above 4GB virtual address.
# This output file may be truncated or incomplete.
#
#  Out of Memory Error (arena.cpp:191), pid=18440, tid=15464
#
# JRE version: OpenJDK Runtime Environment Temurin-17.0.10+7 (17.0.10+7) (build 17.0.10+7)
# Java VM: OpenJDK 64-Bit Server VM Temurin-17.0.10+7 (17.0.10+7, mixed mode, tiered, compressed oops, compressed class ptrs, parallel gc, windows-amd64)
# No core dump will be written. Minidumps are not enabled by default on client versions of Windows
#

---------------  S U M M A R Y ------------

Command Line: --add-modules=ALL-SYSTEM --add-opens=java.base/java.util=ALL-UNNAMED --add-opens=java.base/java.lang=ALL-UNNAMED --add-opens=java.base/sun.nio.fs=ALL-UNNAMED -Declipse.application=org.eclipse.jdt.ls.core.id1 -Dosgi.bundles.defaultStartLevel=4 -Declipse.product=org.eclipse.jdt.ls.core.product -Djava.import.generatesMetadataFilesAtProjectRoot=false -DDetectVMInstallationsJob.disabled=true -Dfile.encoding=utf8 -XX:+UseParallelGC -XX:GCTimeRatio=4 -XX:AdaptiveSizePolicyWeight=90 -Dsun.zip.disableMemoryMapping=true -Xmx1G -Xms100m -Xlog:disable -javaagent:c:\Users\asus\.vscode\extensions\redhat.java-1.30.0-win32-x64\lombok\lombok-1.18.32.jar c:\Users\asus\.vscode\extensions\redhat.java-1.30.0-win32-x64\server\plugins\org.eclipse.equinox.launcher_1.6.800.v20240330-1250.jar -configuration c:\Users\asus\AppData\Roaming\Code\User\globalStorage\redhat.java\1.30.0\config_ss_win -data c:\Users\asus\AppData\Roaming\Code\User\workspaceStorage\81258fbc4458eaf191566e3bbc305bfa\redhat.java\ss_ws --pipe=\\.\pipe\lsp-9b880142219e91337b2012b9798e41dd-sock

Host: Intel(R) Core(TM) i5-10210U CPU @ 1.60GHz, 8 cores, 11G,  Windows 11 , 64 bit Build 22621 (10.0.22621.2506)
Time: Sun May 19 13:16:28 2024 SE Asia Standard Time elapsed time: 1.264311 seconds (0d 0h 0m 1s)

---------------  T H R E A D  ---------------

Current thread (0x000002c9a93a8d50):  JavaThread "C2 CompilerThread0" daemon [_thread_in_native, id=15464, stack(0x000000f4c5800000,0x000000f4c5900000)]


Current CompileTask:
C2:   1264  158       4       java.util.HashMap::putVal (300 bytes)

Stack: [0x000000f4c5800000,0x000000f4c5900000]
Native frames: (J=compiled Java code, j=interpreted, Vv=VM code, C=native code)
V  [jvm.dll+0x67d2c9]
V  [jvm.dll+0x834afa]
V  [jvm.dll+0x8365be]
V  [jvm.dll+0x836c23]
V  [jvm.dll+0x2477ff]
V  [jvm.dll+0xac514]
V  [jvm.dll+0xacb5c]
V  [jvm.dll+0x366782]
V  [jvm.dll+0x1bcd86]
V  [jvm.dll+0x21a049]
V  [jvm.dll+0x219311]
V  [jvm.dll+0x1a502d]
V  [jvm.dll+0x2290de]
V  [jvm.dll+0x2272ac]
V  [jvm.dll+0x7e9bb7]
V  [jvm.dll+0x7e3fba]
V  [jvm.dll+0x67c1b5]
C  [ucrtbase.dll+0x29363]
C  [KERNEL32.DLL+0x1257d]
C  [ntdll.dll+0x5aa58]


---------------  P R O C E S S  ---------------

Threads class SMR info:
_java_thread_list=0x000002c9a952d1f0, length=11, elements={
0x000002c9903b7ff0, 0x000002c9a423f020, 0x000002c9a4240550, 0x000002c9a424d300,
0x000002c9a424df90, 0x000002c9a93a3000, 0x000002c9a93a68f0, 0x000002c9a93a8d50,
0x000002c9a93a9eb0, 0x000002c9a93aa7c0, 0x000002c99041a370
}

Java Threads: ( => current thread )
  0x000002c9903b7ff0 JavaThread "main" [_thread_in_vm, id=5468, stack(0x000000f4c4f00000,0x000000f4c5000000)]
  0x000002c9a423f020 JavaThread "Reference Handler" daemon [_thread_blocked, id=7272, stack(0x000000f4c5200000,0x000000f4c5300000)]
  0x000002c9a4240550 JavaThread "Finalizer" daemon [_thread_blocked, id=20876, stack(0x000000f4c5300000,0x000000f4c5400000)]
  0x000002c9a424d300 JavaThread "Signal Dispatcher" daemon [_thread_blocked, id=19776, stack(0x000000f4c5400000,0x000000f4c5500000)]
  0x000002c9a424df90 JavaThread "Attach Listener" daemon [_thread_blocked, id=19760, stack(0x000000f4c5500000,0x000000f4c5600000)]
  0x000002c9a93a3000 JavaThread "Service Thread" daemon [_thread_blocked, id=13348, stack(0x000000f4c5600000,0x000000f4c5700000)]
  0x000002c9a93a68f0 JavaThread "Monitor Deflation Thread" daemon [_thread_blocked, id=1896, stack(0x000000f4c5700000,0x000000f4c5800000)]
=>0x000002c9a93a8d50 JavaThread "C2 CompilerThread0" daemon [_thread_in_native, id=15464, stack(0x000000f4c5800000,0x000000f4c5900000)]
  0x000002c9a93a9eb0 JavaThread "C1 CompilerThread0" daemon [_thread_blocked, id=20128, stack(0x000000f4c5900000,0x000000f4c5a00000)]
  0x000002c9a93aa7c0 JavaThread "Sweeper thread" daemon [_thread_blocked, id=4920, stack(0x000000f4c5a00000,0x000000f4c5b00000)]
  0x000002c99041a370 JavaThread "Common-Cleaner" daemon [_thread_blocked, id=21272, stack(0x000000f4c5b00000,0x000000f4c5c00000)]

Other Threads:
  0x000002c990468cf0 VMThread "VM Thread" [stack: 0x000000f4c5100000,0x000000f4c5200000] [id=19092]
  0x000002c9903ce1c0 GCTaskThread "GC Thread#0" [stack: 0x000000f4c5000000,0x000000f4c5100000] [id=11512]

Threads with active compile tasks:
C2 CompilerThread0     1428  158       4       java.util.HashMap::putVal (300 bytes)

VM state: not at safepoint (normal execution)

VM Mutex/Monitor currently owned by a thread: None

Heap address: 0x00000000c0000000, size: 1024 MB, Compressed Oops mode: 32-bit

CDS archive(s) not mapped
Compressed class space mapped at: 0x0000000100000000-0x0000000140000000, reserved size: 1073741824
Narrow klass base: 0x0000000000000000, Narrow klass shift: 3, Narrow klass range: 0x140000000

GC Precious Log:
 CPUs: 8 total, 8 available
 Memory: 12124M
 Large Page Support: Disabled
 NUMA Support: Disabled
 Compressed Oops: Enabled (32-bit)
 Alignments: Space 512K, Generation 512K, Heap 2M
 Heap Min Capacity: 100M
 Heap Initial Capacity: 100M
 Heap Max Capacity: 1G
 Pre-touch: Disabled
 Parallel Workers: 8

Heap:
 PSYoungGen      total 29696K, used 2560K [0x00000000eab00000, 0x00000000ecc00000, 0x0000000100000000)
  eden space 25600K, 10% used [0x00000000eab00000,0x00000000ead802d8,0x00000000ec400000)
  from space 4096K, 0% used [0x00000000ec800000,0x00000000ec800000,0x00000000ecc00000)
  to   space 4096K, 0% used [0x00000000ec400000,0x00000000ec400000,0x00000000ec800000)
 ParOldGen       total 68608K, used 0K [0x00000000c0000000, 0x00000000c4300000, 0x00000000eab00000)
  object space 68608K, 0% used [0x00000000c0000000,0x00000000c0000000,0x00000000c4300000)
 Metaspace       used 4511K, committed 4672K, reserved 1114112K
  class space    used 419K, committed 512K, reserved 1048576K

Card table byte_map: [0x000002c98fd80000,0x000002c98ff90000] _byte_map_base: 0x000002c98f780000

Marking Bits: (ParMarkBitMap*) 0x00007ffcc1efd7d0
 Begin Bits: [0x000002c9a2050000, 0x000002c9a3050000)
 End Bits:   [0x000002c9a3050000, 0x000002c9a4050000)

Polling page: 0x000002c98fb70000

Metaspace:

Usage:
  Non-class:      4.00 MB used.
      Class:    419.48 KB used.
       Both:      4.41 MB used.

Virtual space:
  Non-class space:       64.00 MB reserved,       4.06 MB (  6%) committed,  1 nodes.
      Class space:        1.00 GB reserved,     512.00 KB ( <1%) committed,  1 nodes.
             Both:        1.06 GB reserved,       4.56 MB ( <1%) committed. 

Chunk freelists:
   Non-Class:  11.00 MB
       Class:  15.56 MB
        Both:  26.56 MB

MaxMetaspaceSize: unlimited
CompressedClassSpaceSize: 1.00 GB
Initial GC threshold: 21.00 MB
Current GC threshold: 21.00 MB
CDS: off
MetaspaceReclaimPolicy: balanced
 - commit_granule_bytes: 65536.
 - commit_granule_words: 8192.
 - virtual_space_node_default_size: 8388608.
 - enlarge_chunks_in_place: 1.
 - new_chunks_are_fully_committed: 0.
 - uncommit_free_chunks: 1.
 - use_allocation_guard: 0.
 - handle_deallocations: 1.


Internal statistics:

num_allocs_failed_limit: 0.
num_arena_births: 6.
num_arena_deaths: 0.
num_vsnodes_births: 2.
num_vsnodes_deaths: 0.
num_space_committed: 73.
num_space_uncommitted: 0.
num_chunks_returned_to_freelist: 0.
num_chunks_taken_from_freelist: 9.
num_chunk_merges: 0.
num_chunk_splits: 5.
num_chunks_enlarged: 2.
num_inconsistent_stats: 0.

CodeHeap 'non-profiled nmethods': size=120000Kb used=55Kb max_used=55Kb free=119944Kb
 bounds [0x000002c99ab20000, 0x000002c99ad90000, 0x000002c9a2050000]
CodeHeap 'profiled nmethods': size=120000Kb used=210Kb max_used=210Kb free=119789Kb
 bounds [0x000002c993050000, 0x000002c9932c0000, 0x000002c99a580000]
CodeHeap 'non-nmethods': size=5760Kb used=1070Kb max_used=1082Kb free=4689Kb
 bounds [0x000002c99a580000, 0x000002c99a7f0000, 0x000002c99ab20000]
 total_blobs=529 nmethods=190 adapters=254
 compilation: enabled
              stopped_count=0, restarted_count=0
 full_count=0

Compilation events (20 events):
Event: 1.229 Thread 0x000002c9a93a9eb0  174       3       java.lang.AbstractStringBuilder::append (45 bytes)
Event: 1.231 Thread 0x000002c9a93a9eb0 nmethod 174 0x000002c993080490 code [0x000002c993080660, 0x000002c9930809a8]
Event: 1.233 Thread 0x000002c9a93a9eb0  175       3       java.lang.Math::max (11 bytes)
Event: 1.234 Thread 0x000002c9a93a9eb0 nmethod 175 0x000002c993080b10 code [0x000002c993080ca0, 0x000002c993080dd8]
Event: 1.234 Thread 0x000002c9a93a9eb0  176       3       java.util.HashMap$HashIterator::<init> (79 bytes)
Event: 1.236 Thread 0x000002c9a93a9eb0 nmethod 176 0x000002c993080e90 code [0x000002c993081040, 0x000002c9930813b8]
Event: 1.248 Thread 0x000002c9a93a9eb0  177       3       java.util.HashMap::keySet (25 bytes)
Event: 1.250 Thread 0x000002c9a93a9eb0 nmethod 177 0x000002c993081510 code [0x000002c9930816c0, 0x000002c9930819f8]
Event: 1.250 Thread 0x000002c9a93a9eb0  178       3       java.util.HashMap$KeySet::iterator (12 bytes)
Event: 1.251 Thread 0x000002c9a93a9eb0 nmethod 178 0x000002c993081b90 code [0x000002c993081d40, 0x000002c993081f68]
Event: 1.252 Thread 0x000002c9a93a9eb0  179       3       java.util.HashMap$KeyIterator::<init> (11 bytes)
Event: 1.252 Thread 0x000002c9a93a9eb0 nmethod 179 0x000002c993082090 code [0x000002c993082220, 0x000002c993082368]
Event: 1.252 Thread 0x000002c9a93a9eb0  180       3       java.util.HashSet::iterator (13 bytes)
Event: 1.253 Thread 0x000002c9a93a9eb0 nmethod 180 0x000002c993082410 code [0x000002c9930825c0, 0x000002c993082858]
Event: 1.253 Thread 0x000002c9a93a9eb0  182       1       java.lang.module.ResolvedModule::configuration (5 bytes)
Event: 1.254 Thread 0x000002c9a93a9eb0 nmethod 182 0x000002c99ab2cb90 code [0x000002c99ab2cd20, 0x000002c99ab2cdf8]
Event: 1.254 Thread 0x000002c9a93a9eb0  181       1       java.lang.module.ModuleDescriptor::isOpen (5 bytes)
Event: 1.254 Thread 0x000002c9a93a9eb0 nmethod 181 0x000002c99ab2ce90 code [0x000002c99ab2d020, 0x000002c99ab2d0f8]
Event: 1.254 Thread 0x000002c9a93a9eb0  183       1       java.util.HashMap::size (5 bytes)
Event: 1.255 Thread 0x000002c9a93a9eb0 nmethod 183 0x000002c99ab2d190 code [0x000002c99ab2d320, 0x000002c99ab2d3f8]

GC Heap History (0 events):
No events

Dll operation events (1 events):
Event: 0.019 Loaded shared library c:\Users\asus\.vscode\extensions\redhat.java-1.30.0-win32-x64\jre\17.0.10-win32-x86_64\bin\java.dll

Deoptimization events (0 events):
No events

Classes unloaded (0 events):
No events

Classes redefined (0 events):
No events

Internal exceptions (1 events):
Event: 0.929 Thread 0x000002c9903b7ff0 Exception <a 'java/lang/NoSuchMethodError'{0x00000000eacb5280}: 'void java.lang.invoke.DirectMethodHandle$Holder.invokeStatic(java.lang.Object, java.lang.Object, java.lang.Object)'> (0x00000000eacb5280) 
thrown [s\src\hotspot\share\interpreter\linkResolver.cpp, line 759]

VM Operations (2 events):
Event: 0.979 Executing VM operation: HandshakeAllThreads
Event: 0.979 Executing VM operation: HandshakeAllThreads done

Events (20 events):
Event: 0.973 loading class java/util/HashMap$ValueIterator done
Event: 0.976 loading class java/util/LinkedHashSet
Event: 0.977 loading class java/util/LinkedHashSet done
Event: 0.977 loading class java/util/LinkedHashMap
Event: 0.978 loading class java/util/LinkedHashMap done
Event: 1.035 loading class java/util/Collections$UnmodifiableCollection$1
Event: 1.035 loading class java/util/Collections$UnmodifiableCollection$1 done
Event: 1.038 loading class java/lang/module/ResolvedModule
Event: 1.039 loading class java/lang/module/ResolvedModule done
Event: 1.202 loading class jdk/internal/module/ModuleLoaderMap
Event: 1.202 loading class jdk/internal/module/ModuleLoaderMap done
Event: 1.202 loading class jdk/internal/module/ModuleLoaderMap$Mapper
Event: 1.203 loading class jdk/internal/module/ModuleLoaderMap$Mapper done
Event: 1.206 loading class jdk/internal/module/ModuleLoaderMap$Modules
Event: 1.207 loading class jdk/internal/module/ModuleLoaderMap$Modules done
Event: 1.255 loading class jdk/internal/loader/AbstractClassLoaderValue$Memoizer
Event: 1.255 loading class jdk/internal/loader/AbstractClassLoaderValue$Memoizer done
Event: 1.255 loading class jdk/internal/module/ServicesCatalog$ServiceProvider
Event: 1.256 loading class jdk/internal/module/ServicesCatalog$ServiceProvider done
Event: 1.256 loading class java/util/concurrent/CopyOnWriteArrayList


Dynamic libraries:
0x00007ff7a7610000 - 0x00007ff7a761e000 	c:\Users\asus\.vscode\extensions\redhat.java-1.30.0-win32-x64\jre\17.0.10-win32-x86_64\bin\java.exe
0x00007ffd1ec90000 - 0x00007ffd1eea7000 	C:\WINDOWS\SYSTEM32\ntdll.dll
0x00007ffd1de80000 - 0x00007ffd1df44000 	C:\WINDOWS\System32\KERNEL32.DLL
0x00007ffd1c3b0000 - 0x00007ffd1c756000 	C:\WINDOWS\System32\KERNELBASE.dll
0x00007ffd1c1e0000 - 0x00007ffd1c2f1000 	C:\WINDOWS\System32\ucrtbase.dll
0x00007ffd04010000 - 0x00007ffd04027000 	c:\Users\asus\.vscode\extensions\redhat.java-1.30.0-win32-x64\jre\17.0.10-win32-x86_64\bin\jli.dll
0x00007ffd1ea20000 - 0x00007ffd1ebce000 	C:\WINDOWS\System32\USER32.dll
0x00007ffd1c300000 - 0x00007ffd1c326000 	C:\WINDOWS\System32\win32u.dll
0x00007ffd1cb80000 - 0x00007ffd1cba9000 	C:\WINDOWS\System32\GDI32.dll
0x00007ffd1c760000 - 0x00007ffd1c878000 	C:\WINDOWS\System32\gdi32full.dll
0x00007ffd1c880000 - 0x00007ffd1c91a000 	C:\WINDOWS\System32\msvcp_win.dll
0x00007ffd02b60000 - 0x00007ffd02b7b000 	c:\Users\asus\.vscode\extensions\redhat.java-1.30.0-win32-x64\jre\17.0.10-win32-x86_64\bin\VCRUNTIME140.dll
0x00007ffd037c0000 - 0x00007ffd03a53000 	C:\WINDOWS\WinSxS\amd64_microsoft.windows.common-controls_6595b64144ccf1df_6.0.22621.2506_none_270c5ae97388e100\COMCTL32.dll
0x00007ffd1cca0000 - 0x00007ffd1cd47000 	C:\WINDOWS\System32\msvcrt.dll
0x00007ffd1e670000 - 0x00007ffd1e6a1000 	C:\WINDOWS\System32\IMM32.DLL
0x00007ffd10fb0000 - 0x00007ffd10fbc000 	c:\Users\asus\.vscode\extensions\redhat.java-1.30.0-win32-x64\jre\17.0.10-win32-x86_64\bin\vcruntime140_1.dll
0x00007ffccf210000 - 0x00007ffccf29d000 	c:\Users\asus\.vscode\extensions\redhat.java-1.30.0-win32-x64\jre\17.0.10-win32-x86_64\bin\msvcp140.dll
0x00007ffcc1360000 - 0x00007ffcc1fc2000 	c:\Users\asus\.vscode\extensions\redhat.java-1.30.0-win32-x64\jre\17.0.10-win32-x86_64\bin\server\jvm.dll
0x00007ffd1e950000 - 0x00007ffd1ea01000 	C:\WINDOWS\System32\ADVAPI32.dll
0x00007ffd1e490000 - 0x00007ffd1e535000 	C:\WINDOWS\System32\sechost.dll
0x00007ffd1c9e0000 - 0x00007ffd1caf7000 	C:\WINDOWS\System32\RPCRT4.dll
0x00007ffd1b750000 - 0x00007ffd1b79d000 	C:\WINDOWS\SYSTEM32\POWRPROF.dll
0x00007ffcf7410000 - 0x00007ffcf7419000 	C:\WINDOWS\SYSTEM32\WSOCK32.dll
0x00007ffd1d240000 - 0x00007ffd1d2b1000 	C:\WINDOWS\System32\WS2_32.dll
0x00007ffd10c80000 - 0x00007ffd10cb4000 	C:\WINDOWS\SYSTEM32\WINMM.dll
0x00007ffd0e840000 - 0x00007ffd0e84a000 	C:\WINDOWS\SYSTEM32\VERSION.dll
0x00007ffd1b730000 - 0x00007ffd1b743000 	C:\WINDOWS\SYSTEM32\UMPDC.dll
0x00007ffd1afc0000 - 0x00007ffd1afd8000 	C:\WINDOWS\SYSTEM32\kernel.appcore.dll
0x00007ffd10f90000 - 0x00007ffd10f9a000 	c:\Users\asus\.vscode\extensions\redhat.java-1.30.0-win32-x64\jre\17.0.10-win32-x86_64\bin\jimage.dll
0x00007ffd19930000 - 0x00007ffd19b63000 	C:\WINDOWS\SYSTEM32\DBGHELP.DLL
0x00007ffd1df60000 - 0x00007ffd1e2e9000 	C:\WINDOWS\System32\combase.dll
0x00007ffd1e870000 - 0x00007ffd1e947000 	C:\WINDOWS\System32\OLEAUT32.dll
0x00007ffcfaf40000 - 0x00007ffcfaf72000 	C:\WINDOWS\SYSTEM32\dbgcore.DLL
0x00007ffd1c330000 - 0x00007ffd1c3aa000 	C:\WINDOWS\System32\bcryptPrimitives.dll
0x00007ffd0e700000 - 0x00007ffd0e70e000 	c:\Users\asus\.vscode\extensions\redhat.java-1.30.0-win32-x64\jre\17.0.10-win32-x86_64\bin\instrument.dll
0x00007ffd019a0000 - 0x00007ffd019c5000 	c:\Users\asus\.vscode\extensions\redhat.java-1.30.0-win32-x64\jre\17.0.10-win32-x86_64\bin\java.dll
0x00007ffd00f30000 - 0x00007ffd00f48000 	c:\Users\asus\.vscode\extensions\redhat.java-1.30.0-win32-x64\jre\17.0.10-win32-x86_64\bin\zip.dll
0x00007ffd1d3d0000 - 0x00007ffd1dc2a000 	C:\WINDOWS\System32\SHELL32.dll
0x00007ffd19ed0000 - 0x00007ffd1a7c6000 	C:\WINDOWS\SYSTEM32\windows.storage.dll
0x00007ffd19d90000 - 0x00007ffd19ece000 	C:\WINDOWS\SYSTEM32\wintypes.dll
0x00007ffd1dc30000 - 0x00007ffd1dd23000 	C:\WINDOWS\System32\SHCORE.dll
0x00007ffd1d2c0000 - 0x00007ffd1d31e000 	C:\WINDOWS\System32\shlwapi.dll
0x00007ffd1bf30000 - 0x00007ffd1bf56000 	C:\WINDOWS\SYSTEM32\profapi.dll

dbghelp: loaded successfully - version: 4.0.5 - missing functions: none
symbol engine: initialized successfully - sym options: 0x614 - pdb path: .;c:\Users\asus\.vscode\extensions\redhat.java-1.30.0-win32-x64\jre\17.0.10-win32-x86_64\bin;C:\WINDOWS\SYSTEM32;C:\WINDOWS\WinSxS\amd64_microsoft.windows.common-controls_6595b64144ccf1df_6.0.22621.2506_none_270c5ae97388e100;c:\Users\asus\.vscode\extensions\redhat.java-1.30.0-win32-x64\jre\17.0.10-win32-x86_64\bin\server

VM Arguments:
jvm_args: --add-modules=ALL-SYSTEM --add-opens=java.base/java.util=ALL-UNNAMED --add-opens=java.base/java.lang=ALL-UNNAMED --add-opens=java.base/sun.nio.fs=ALL-UNNAMED -Declipse.application=org.eclipse.jdt.ls.core.id1 -Dosgi.bundles.defaultStartLevel=4 -Declipse.product=org.eclipse.jdt.ls.core.product -Djava.import.generatesMetadataFilesAtProjectRoot=false -DDetectVMInstallationsJob.disabled=true -Dfile.encoding=utf8 -XX:+UseParallelGC -XX:GCTimeRatio=4 -XX:AdaptiveSizePolicyWeight=90 -Dsun.zip.disableMemoryMapping=true -Xmx1G -Xms100m -Xlog:disable -javaagent:c:\Users\asus\.vscode\extensions\redhat.java-1.30.0-win32-x64\lombok\lombok-1.18.32.jar 
java_command: c:\Users\asus\.vscode\extensions\redhat.java-1.30.0-win32-x64\server\plugins\org.eclipse.equinox.launcher_1.6.800.v20240330-1250.jar -configuration c:\Users\asus\AppData\Roaming\Code\User\globalStorage\redhat.java\1.30.0\config_ss_win -data c:\Users\asus\AppData\Roaming\Code\User\workspaceStorage\81258fbc4458eaf191566e3bbc305bfa\redhat.java\ss_ws --pipe=\\.\pipe\lsp-9b880142219e91337b2012b9798e41dd-sock
java_class_path (initial): c:\Users\asus\.vscode\extensions\redhat.java-1.30.0-win32-x64\server\plugins\org.eclipse.equinox.launcher_1.6.800.v20240330-1250.jar
Launcher Type: SUN_STANDARD

[Global flags]
    uintx AdaptiveSizePolicyWeight                 = 90                                        {product} {command line}
     intx CICompilerCount                          = 4                                         {product} {ergonomic}
    uintx GCTimeRatio                              = 4                                         {product} {command line}
   size_t InitialHeapSize                          = 104857600                                 {product} {command line}
   size_t MaxHeapSize                              = 1073741824                                {product} {command line}
   size_t MaxNewSize                               = 357564416                                 {product} {ergonomic}
   size_t MinHeapDeltaBytes                        = 524288                                    {product} {ergonomic}
   size_t MinHeapSize                              = 104857600                                 {product} {command line}
   size_t NewSize                                  = 34603008                                  {product} {ergonomic}
    uintx NonNMethodCodeHeapSize                   = 5839372                                {pd product} {ergonomic}
    uintx NonProfiledCodeHeapSize                  = 122909434                              {pd product} {ergonomic}
   size_t OldSize                                  = 70254592                                  {product} {ergonomic}
    uintx ProfiledCodeHeapSize                     = 122909434                              {pd product} {ergonomic}
    uintx ReservedCodeCacheSize                    = 251658240                              {pd product} {ergonomic}
     bool SegmentedCodeCache                       = true                                      {product} {ergonomic}
   size_t SoftMaxHeapSize                          = 1073741824                             {manageable} {ergonomic}
     bool UseCompressedClassPointers               = true                           {product lp64_product} {ergonomic}
     bool UseCompressedOops                        = true                           {product lp64_product} {ergonomic}
     bool UseLargePagesIndividualAllocation        = false                                  {pd product} {ergonomic}
     bool UseParallelGC                            = true                                      {product} {command line}

Logging:
Log output configuration:
 #0: stdout all=off uptime,level,tags
 #1: stderr all=off uptime,level,tags

Environment Variables:
JAVA_HOME=C:\Program Files\Java\jdk-21
PATH=C:\Program Files\Common Files\Oracle\Java\javapath;C:\Program Files\Python310\Scripts\;C:\Program Files\Python310\;C:\WINDOWS\system32;C:\WINDOWS;C:\WINDOWS\System32\Wbem;C:\WINDOWS\System32\WindowsPowerShell\v1.0\;C:\WINDOWS\System32\OpenSSH\;C:\Users\asus\AppData\Local\Microsoft\WindowsApps;C:\adb;C:\Users\asus\AppData\Local\Programs\Python\Python310;C:\Users\asus\AppData\Local\Programs\Python\Python310\Scripts;C:\WINDOWS\system32;C:\WINDOWS;C:\WINDOWS\System32\Wbem;C:\WINDOWS\System32\WindowsPowerShell\v1.0\;C:\WINDOWS\System32\OpenSSH\;C:\Program Files\Git\cmd;C:\Program Files\MySQL\MySQL Server 8.0\bin;C:\Program Files\Java\jdk-21\bin;C:\Program Files\PostgreSQL\16\bin;C:\cygwin64\bin;C:\Users\asus\AppData\Local\Programs\Microsoft VS Code\bin;C:\Users\asus\AppData\Local\Microsoft\WindowsApps;C:\ghcup\bin;C:\Program Files\mingw64\bin
USERNAME=asus
OS=Windows_NT
PROCESSOR_IDENTIFIER=Intel64 Family 6 Model 142 Stepping 12, GenuineIntel
TMP=C:\Users\asus\AppData\Local\Temp
TEMP=C:\Users\asus\AppData\Local\Temp



Periodic native trim disabled


---------------  S Y S T E M  ---------------

OS:
 Windows 11 , 64 bit Build 22621 (10.0.22621.2506)
OS uptime: 2 days 3:26 hours
Hyper-V role detected

CPU: total 8 (initial active 8) (4 cores per cpu, 2 threads per core) family 6 model 142 stepping 12 microcode 0xde, cx8, cmov, fxsr, ht, mmx, 3dnowpref, sse, sse2, sse3, ssse3, sse4.1, sse4.2, popcnt, lzcnt, tsc, tscinvbit, avx, avx2, aes, erms, clmul, bmi1, bmi2, adx, fma, vzeroupper, clflush, clflushopt, hv
Processor Information for all 8 processors :
  Max Mhz: 2101, Current Mhz: 2101, Mhz Limit: 2101

Memory: 4k page, system-wide physical 12124M (3223M free)
TotalPageFile size 14172M (AvailPageFile size 4M)
current process WorkingSet (physical memory assigned to process): 30M, peak: 30M
current process commit charge ("private bytes"): 183M, peak: 183M

vm_info: OpenJDK 64-Bit Server VM (17.0.10+7) for windows-amd64 JRE (17.0.10+7), built on Jan 16 2024 23:25:11 by "admin" with MS VC++ 16.10 / 16.11 (VS2019)

END.
